time=2024-06-13T21:22:58Z level=info msg=Yo, this app is running with sudo access (as root).
time=2024-06-13T21:22:58Z level=info msg======= Start up Parameter ======
time=2024-06-13T21:22:58Z level=info
time=2024-06-13T21:22:58Z level=info msg=TopoViewer Version		: 'nightly-24.02.11'
time=2024-06-13T21:22:58Z level=info msg=topology file			: '/home/aarafat/nokia-ServiceProvider-lab/clab-nokia-ServiceProvider/topology-data.json'
time=2024-06-13T21:22:58Z level=info msg=depyloyment type			: container
time=2024-06-13T21:22:58Z level=info msg=working directory		: '/home/aarafat/topoViewer'
time=2024-06-13T21:22:58Z level=info msg=command					: '/bin/bash'
time=2024-06-13T21:22:58Z level=info msg=arguments				: ['']
time=2024-06-13T21:22:58Z level=info msg=allowed hosts			: ['149.204.21.68']
time=2024-06-13T21:22:58Z level=info msg=connection error limit	: 10
time=2024-06-13T21:22:58Z level=info msg=keepalive ping timeout	: 20s
time=2024-06-13T21:22:58Z level=info msg=max buffer size			: 512 bytes
time=2024-06-13T21:22:58Z level=info msg=server address			: '0.0.0.0' 
time=2024-06-13T21:22:58Z level=info msg=server port				: 8087
time=2024-06-13T21:22:58Z level=info msg=liveness checks path		: '/healthz'
time=2024-06-13T21:22:58Z level=info msg=readiness checks path	: '/readyz'
time=2024-06-13T21:22:58Z level=info msg=metrics endpoint path	: '/metrics'
time=2024-06-13T21:22:58Z level=info msg=xtermjs endpoint path	: '/xterm.js'
time=2024-06-13T21:22:58Z level=info msg======= Start up Parameter ======
time=2024-06-13T21:22:58Z level=info
time=2024-06-13T21:22:58Z level=info msg=ClabTopoRead topology absolute file path: '/home/aarafat/topoViewer/home/aarafat/nokia-ServiceProvider-lab/clab-nokia-ServiceProvider/topology-data.json'
time=2024-06-13T21:22:58Z level=info msg={nokia-ServiceProvider container}
time=2024-06-13T21:22:58Z level=info msg={nokia-ServiceProvider container}
time=2024-06-13T21:22:58Z level=info msg={nokia-ServiceProvider container}
time=2024-06-13T21:22:58Z level=info msg={nokia-ServiceProvider container}
time=2024-06-13T21:22:58Z level=info msg={nokia-ServiceProvider container}
time=2024-06-13T21:22:58Z level=info msg={nokia-ServiceProvider container}
time=2024-06-13T21:22:58Z level=info msg={nokia-ServiceProvider container}
time=2024-06-13T21:22:58Z level=info msg={nokia-ServiceProvider container}
time=2024-06-13T21:22:58Z level=info msg=starting server on interface:port '0.0.0.0:8087'...
time=2024-06-13T21:23:03Z level=info msg=getAllNodeEndpointDetail endpoint called
time=2024-06-13T21:23:03Z level=info msg=Loading dataCytoMarshall-'nokia-ServiceProvider'.json from: '/home/aarafat/topoViewer/html-public/nokia-ServiceProvider/dataCytoMarshall-nokia-ServiceProvider.json'
Not enough new sourceEndpoints to replace all occurrences.
time=2024-06-13T21:23:03Z level=info msg=[
  {
    "data": {
      "id": "R01-PE",
      "weight": "30",
      "name": "R01-PE",
      "parent": "AS65000",
      "topoViewerRole": "pe",
      "sourceEndpoint": "",
      "targetEndpoint": "",
      "extraData": {
        "clabServerUsername": "aarafat",
        "fqdn": "R01-PE.nokia-ServiceProvider.io",
        "group": "AS65000",
        "id": "R01-PE",
        "image": "registry.srlinux.dev/pub/vr-sros:23.10.R1",
        "index": "0",
        "kind": "vr-sros",
        "labdir": "/home/aarafat/nokia-ServiceProvider-lab/clab-nokia-ServiceProvider/R01-PE",
        "labels": {
          "ClabMgmtNetBridge": "br_nsp_ip_oob",
          "ClabNodeGroup": "AS65000",
          "ClabNodeKind": "vr-sros",
          "ClabNodeLabDir": "/home/aarafat/nokia-ServiceProvider-lab/clab-nokia-ServiceProvider/R01-PE",
          "ClabNodeName": "R01-PE",
          "ClabNodeType": "cp: cpu=2 ram=6 chassis=SR-2s slot=A card=cpm-2s ___ lc: cpu=2 ram=4 max_nics=10 chassis=SR-2s slot=1 card=xcm-2s mda/1=s18-100gb-qsfp28",
          "ClabTopoFile": "/home/aarafat/nokia-ServiceProvider-lab/topo-nokia-ServiceProvider-lab.yml",
          "Containerlab": "nokia-ServiceProvider",
          "TopoViewerRole": "pe"
        },
        "longname": "clab-nokia-ServiceProvider-R01-PE",
        "macAddress": "",
        "mgmtIntf": "",
        "mgmtIpv4AddressLength": 24,
        "mgmtIpv4Addresss": "10.2.1.101",
        "mgmtIpv6Address": "",
        "mgmtIpv6AddressLength": 0,
        "mgmtNet": "",
        "name": "R01-PE",
        "shortname": "R01-PE",
        "weight": "3"
      }
    },
    "position": {
      "x": 0,
      "y": 0
    },
    "removed": false,
    "group": "nodes",
    "selected": false,
    "selectable": true,
    "locked": false,
    "grabbed": false,
    "grabbable": true,
    "classes": ""
  },
  {
    "data": {
      "id": "R01-PE-statusRed",
      "weight": "30",
      "name": "R01-PE-statusRed",
      "parent": "AS65000",
      "topoViewerRole": "",
      "sourceEndpoint": "",
      "targetEndpoint": ""
    },
    "position": {
      "x": 0,
      "y": 0
    },
    "removed": false,
    "group": "nodes",
    "selected": false,
    "selectable": false,
    "locked": false,
    "grabbed": false,
    "grabbable": false,
    "classes": ""
  },
  {
    "data": {
      "id": "R01-PE-statusGreen",
      "weight": "30",
      "name": "R01-PE-statusGreen",
      "parent": "AS65000",
      "topoViewerRole": "",
      "sourceEndpoint": "",
      "targetEndpoint": ""
    },
    "position": {
      "x": 0,
      "y": 0
    },
    "removed": false,
    "group": "nodes",
    "selected": false,
    "selectable": false,
    "locked": false,
    "grabbed": false,
    "grabbable": false,
    "classes": ""
  },
  {
    "data": {
      "id": "R02-PE",
      "weight": "30",
      "name": "R02-PE",
      "parent": "AS65000",
      "topoViewerRole": "pe",
      "sourceEndpoint": "",
      "targetEndpoint": "",
      "extraData": {
        "clabServerUsername": "aarafat",
        "fqdn": "R02-PE.nokia-ServiceProvider.io",
        "group": "AS65000",
        "id": "R02-PE",
        "image": "registry.srlinux.dev/pub/vr-sros:23.10.R1",
        "index": "1",
        "kind": "vr-sros",
        "labdir": "/home/aarafat/nokia-ServiceProvider-lab/clab-nokia-ServiceProvider/R02-PE",
        "labels": {
          "ClabMgmtNetBridge": "br_nsp_ip_oob",
          "ClabNodeGroup": "AS65000",
          "ClabNodeKind": "vr-sros",
          "ClabNodeLabDir": "/home/aarafat/nokia-ServiceProvider-lab/clab-nokia-ServiceProvider/R02-PE",
          "ClabNodeName": "R02-PE",
          "ClabNodeType": "cp: cpu=2 ram=6 chassis=SR-7 slot=A card=cpm5 ___ lc: cpu=2 ram=4 max_nics=10 chassis=SR-7 slot=1 card=imm-2pac-fp3 mda/1=p10-10g-sfp",
          "ClabTopoFile": "/home/aarafat/nokia-ServiceProvider-lab/topo-nokia-ServiceProvider-lab.yml",
          "Containerlab": "nokia-ServiceProvider",
          "TopoViewerRole": "pe"
        },
        "longname": "clab-nokia-ServiceProvider-R02-PE",
        "macAddress": "",
        "mgmtIntf": "",
        "mgmtIpv4AddressLength": 24,
        "mgmtIpv4Addresss": "10.2.1.102",
        "mgmtIpv6Address": "",
        "mgmtIpv6AddressLength": 0,
        "mgmtNet": "",
        "name": "R02-PE",
        "shortname": "R02-PE",
        "weight": "3"
      }
    },
    "position": {
      "x": 0,
      "y": 0
    },
    "removed": false,
    "group": "nodes",
    "selected": false,
    "selectable": true,
    "locked": false,
    "grabbed": false,
    "grabbable": true,
    "classes": ""
  },
  {
    "data": {
      "id": "R02-PE-statusRed",
      "weight": "30",
      "name": "R02-PE-statusRed",
      "parent": "AS65000",
      "topoViewerRole": "",
      "sourceEndpoint": "",
      "targetEndpoint": ""
    },
    "position": {
      "x": 0,
      "y": 0
    },
    "removed": false,
    "group": "nodes",
    "selected": false,
    "selectable": false,
    "locked": false,
    "grabbed": false,
    "grabbable": false,
    "classes": ""
  },
  {
    "data": {
      "id": "R02-PE-statusGreen",
      "weight": "30",
      "name": "R02-PE-statusGreen",
      "parent": "AS65000",
      "topoViewerRole": "",
      "sourceEndpoint": "",
      "targetEndpoint": ""
    },
    "position": {
      "x": 0,
      "y": 0
    },
    "removed": false,
    "group": "nodes",
    "selected": false,
    "selectable": false,
    "locked": false,
    "grabbed": false,
    "grabbable": false,
    "classes": ""
  },
  {
    "data": {
      "id": "R03-P",
      "weight": "30",
      "name": "R03-P",
      "parent": "AS65000",
      "topoViewerRole": "p",
      "sourceEndpoint": "",
      "targetEndpoint": "",
      "extraData": {
        "clabServerUsername": "aarafat",
        "fqdn": "R03-P.nokia-ServiceProvider.io",
        "group": "AS65000",
        "id": "R03-P",
        "image": "registry.srlinux.dev/pub/vr-sros:23.10.R1",
        "index": "2",
        "kind": "vr-sros",
        "labdir": "/home/aarafat/nokia-ServiceProvider-lab/clab-nokia-ServiceProvider/R03-P",
        "labels": {
          "ClabMgmtNetBridge": "br_nsp_ip_oob",
          "ClabNodeGroup": "AS65000",
          "ClabNodeKind": "vr-sros",
          "ClabNodeLabDir": "/home/aarafat/nokia-ServiceProvider-lab/clab-nokia-ServiceProvider/R03-P",
          "ClabNodeName": "R03-P",
          "ClabNodeType": "cp: cpu=2 ram=6 chassis=SR-12 slot=A card=cpm5 ___ lc: cpu=2 ram=4 max_nics=10 chassis=SR-12 slot=1 card=imm-2pac-fp3 mda/1=p10-10g-sfp",
          "ClabTopoFile": "/home/aarafat/nokia-ServiceProvider-lab/topo-nokia-ServiceProvider-lab.yml",
          "Containerlab": "nokia-ServiceProvider",
          "TopoViewerRole": "p"
        },
        "longname": "clab-nokia-ServiceProvider-R03-P",
        "macAddress": "",
        "mgmtIntf": "",
        "mgmtIpv4AddressLength": 24,
        "mgmtIpv4Addresss": "10.2.1.103",
        "mgmtIpv6Address": "",
        "mgmtIpv6AddressLength": 0,
        "mgmtNet": "",
        "name": "R03-P",
        "shortname": "R03-P",
        "weight": "3"
      }
    },
    "position": {
      "x": 0,
      "y": 0
    },
    "removed": false,
    "group": "nodes",
    "selected": false,
    "selectable": true,
    "locked": false,
    "grabbed": false,
    "grabbable": true,
    "classes": ""
  },
  {
    "data": {
      "id": "R03-P-statusRed",
      "weight": "30",
      "name": "R03-P-statusRed",
      "parent": "AS65000",
      "topoViewerRole": "",
      "sourceEndpoint": "",
      "targetEndpoint": ""
    },
    "position": {
      "x": 0,
      "y": 0
    },
    "removed": false,
    "group": "nodes",
    "selected": false,
    "selectable": false,
    "locked": false,
    "grabbed": false,
    "grabbable": false,
    "classes": ""
  },
  {
    "data": {
      "id": "R03-P-statusGreen",
      "weight": "30",
      "name": "R03-P-statusGreen",
      "parent": "AS65000",
      "topoViewerRole": "",
      "sourceEndpoint": "",
      "targetEndpoint": ""
    },
    "position": {
      "x": 0,
      "y": 0
    },
    "removed": false,
    "group": "nodes",
    "selected": false,
    "selectable": false,
    "locked": false,
    "grabbed": false,
    "grabbable": false,
    "classes": ""
  },
  {
    "data": {
      "id": "R04-P",
      "weight": "30",
      "name": "R04-P",
      "parent": "AS65000",
      "topoViewerRole": "p",
      "sourceEndpoint": "",
      "targetEndpoint": "",
      "extraData": {
        "clabServerUsername": "aarafat",
        "fqdn": "R04-P.nokia-ServiceProvider.io",
        "group": "AS65000",
        "id": "R04-P",
        "image": "registry.srlinux.dev/pub/vr-sros:23.10.R1",
        "index": "3",
        "kind": "vr-sros",
        "labdir": "/home/aarafat/nokia-ServiceProvider-lab/clab-nokia-ServiceProvider/R04-P",
        "labels": {
          "ClabMgmtNetBridge": "br_nsp_ip_oob",
          "ClabNodeGroup": "AS65000",
          "ClabNodeKind": "vr-sros",
          "ClabNodeLabDir": "/home/aarafat/nokia-ServiceProvider-lab/clab-nokia-ServiceProvider/R04-P",
          "ClabNodeName": "R04-P",
          "ClabNodeType": "cp: cpu=2 ram=6 chassis=SR-12 slot=A card=cpm5 ___ lc: cpu=2 ram=4 max_nics=10 chassis=SR-12 slot=1 card=imm-2pac-fp3 mda/1=p10-10g-sfp",
          "ClabTopoFile": "/home/aarafat/nokia-ServiceProvider-lab/topo-nokia-ServiceProvider-lab.yml",
          "Containerlab": "nokia-ServiceProvider",
          "TopoViewerRole": "p"
        },
        "longname": "clab-nokia-ServiceProvider-R04-P",
        "macAddress": "",
        "mgmtIntf": "",
        "mgmtIpv4AddressLength": 24,
        "mgmtIpv4Addresss": "10.2.1.104",
        "mgmtIpv6Address": "",
        "mgmtIpv6AddressLength": 0,
        "mgmtNet": "",
        "name": "R04-P",
        "shortname": "R04-P",
        "weight": "3"
      }
    },
    "position": {
      "x": 0,
      "y": 0
    },
    "removed": false,
    "group": "nodes",
    "selected": false,
    "selectable": true,
    "locked": false,
    "grabbed": false,
    "grabbable": true,
    "classes": ""
  },
  {
    "data": {
      "id": "R04-P-statusRed",
      "weight": "30",
      "name": "R04-P-statusRed",
      "parent": "AS65000",
      "topoViewerRole": "",
      "sourceEndpoint": "",
      "targetEndpoint": ""
    },
    "position": {
      "x": 0,
      "y": 0
    },
    "removed": false,
    "group": "nodes",
    "selected": false,
    "selectable": false,
    "locked": false,
    "grabbed": false,
    "grabbable": false,
    "classes": ""
  },
  {
    "data": {
      "id": "R04-P-statusGreen",
      "weight": "30",
      "name": "R04-P-statusGreen",
      "parent": "AS65000",
      "topoViewerRole": "",
      "sourceEndpoint": "",
      "targetEndpoint": ""
    },
    "position": {
      "x": 0,
      "y": 0
    },
    "removed": false,
    "group": "nodes",
    "selected": false,
    "selectable": false,
    "locked": false,
    "grabbed": false,
    "grabbable": false,
    "classes": ""
  },
  {
    "data": {
      "id": "R05-PE",
      "weight": "30",
      "name": "R05-PE",
      "parent": "AS65000",
      "topoViewerRole": "pe",
      "sourceEndpoint": "",
      "targetEndpoint": "",
      "extraData": {
        "clabServerUsername": "aarafat",
        "fqdn": "R05-PE.nokia-ServiceProvider.io",
        "group": "AS65000",
        "id": "R05-PE",
        "image": "registry.srlinux.dev/pub/vr-sros:23.10.R1",
        "index": "4",
        "kind": "vr-sros",
        "labdir": "/home/aarafat/nokia-ServiceProvider-lab/clab-nokia-ServiceProvider/R05-PE",
        "labels": {
          "ClabMgmtNetBridge": "br_nsp_ip_oob",
          "ClabNodeGroup": "AS65000",
          "ClabNodeKind": "vr-sros",
          "ClabNodeLabDir": "/home/aarafat/nokia-ServiceProvider-lab/clab-nokia-ServiceProvider/R05-PE",
          "ClabNodeName": "R05-PE",
          "ClabNodeType": "cp: cpu=2 ram=6 chassis=SR-a8 slot=A card=cpm-a ___ lc: cpu=2 ram=4 max_nics=10 chassis=SR-a8 slot=1 card=iom-a mda/1=ma20-1gb-tx",
          "ClabTopoFile": "/home/aarafat/nokia-ServiceProvider-lab/topo-nokia-ServiceProvider-lab.yml",
          "Containerlab": "nokia-ServiceProvider",
          "TopoViewerRole": "pe"
        },
        "longname": "clab-nokia-ServiceProvider-R05-PE",
        "macAddress": "",
        "mgmtIntf": "",
        "mgmtIpv4AddressLength": 24,
        "mgmtIpv4Addresss": "10.2.1.105",
        "mgmtIpv6Address": "",
        "mgmtIpv6AddressLength": 0,
        "mgmtNet": "",
        "name": "R05-PE",
        "shortname": "R05-PE",
        "weight": "3"
      }
    },
    "position": {
      "x": 0,
      "y": 0
    },
    "removed": false,
    "group": "nodes",
    "selected": false,
    "selectable": true,
    "locked": false,
    "grabbed": false,
    "grabbable": true,
    "classes": ""
  },
  {
    "data": {
      "id": "R05-PE-statusRed",
      "weight": "30",
      "name": "R05-PE-statusRed",
      "parent": "AS65000",
      "topoViewerRole": "",
      "sourceEndpoint": "",
      "targetEndpoint": ""
    },
    "position": {
      "x": 0,
      "y": 0
    },
    "removed": false,
    "group": "nodes",
    "selected": false,
    "selectable": false,
    "locked": false,
    "grabbed": false,
    "grabbable": false,
    "classes": ""
  },
  {
    "data": {
      "id": "R05-PE-statusGreen",
      "weight": "30",
      "name": "R05-PE-statusGreen",
      "parent": "AS65000",
      "topoViewerRole": "",
      "sourceEndpoint": "",
      "targetEndpoint": ""
    },
    "position": {
      "x": 0,
      "y": 0
    },
    "removed": false,
    "group": "nodes",
    "selected": false,
    "selectable": false,
    "locked": false,
    "grabbed": false,
    "grabbable": false,
    "classes": ""
  },
  {
    "data": {
      "id": "R06-PE-ASBR",
      "weight": "30",
      "name": "R06-PE-ASBR",
      "parent": "AS65000",
      "topoViewerRole": "pe",
      "sourceEndpoint": "",
      "targetEndpoint": "",
      "extraData": {
        "clabServerUsername": "aarafat",
        "fqdn": "R06-PE-ASBR.nokia-ServiceProvider.io",
        "group": "AS65000",
        "id": "R06-PE-ASBR",
        "image": "registry.srlinux.dev/pub/vr-sros:23.10.R1",
        "index": "5",
        "kind": "vr-sros",
        "labdir": "/home/aarafat/nokia-ServiceProvider-lab/clab-nokia-ServiceProvider/R06-PE-ASBR",
        "labels": {
          "ClabMgmtNetBridge": "br_nsp_ip_oob",
          "ClabNodeGroup": "AS65000",
          "ClabNodeKind": "vr-sros",
          "ClabNodeLabDir": "/home/aarafat/nokia-ServiceProvider-lab/clab-nokia-ServiceProvider/R06-PE-ASBR",
          "ClabNodeName": "R06-PE-ASBR",
          "ClabNodeType": "cp: cpu=2 ram=6 chassis=SR-12 slot=A card=cpm5 ___ lc: cpu=2 ram=4 max_nics=10 chassis=SR-12 slot=1 card=iom4-e-hs mda/1=me40-1gb-csfp",
          "ClabTopoFile": "/home/aarafat/nokia-ServiceProvider-lab/topo-nokia-ServiceProvider-lab.yml",
          "Containerlab": "nokia-ServiceProvider",
          "TopoViewerRole": "pe"
        },
        "longname": "clab-nokia-ServiceProvider-R06-PE-ASBR",
        "macAddress": "",
        "mgmtIntf": "",
        "mgmtIpv4AddressLength": 24,
        "mgmtIpv4Addresss": "10.2.1.106",
        "mgmtIpv6Address": "",
        "mgmtIpv6AddressLength": 0,
        "mgmtNet": "",
        "name": "R06-PE-ASBR",
        "shortname": "R06-PE-ASBR",
        "weight": "3"
      }
    },
    "position": {
      "x": 0,
      "y": 0
    },
    "removed": false,
    "group": "nodes",
    "selected": false,
    "selectable": true,
    "locked": false,
    "grabbed": false,
    "grabbable": true,
    "classes": ""
  },
  {
    "data": {
      "id": "R06-PE-ASBR-statusRed",
      "weight": "30",
      "name": "R06-PE-ASBR-statusRed",
      "parent": "AS65000",
      "topoViewerRole": "",
      "sourceEndpoint": "",
      "targetEndpoint": ""
    },
    "position": {
      "x": 0,
      "y": 0
    },
    "removed": false,
    "group": "nodes",
    "selected": false,
    "selectable": false,
    "locked": false,
    "grabbed": false,
    "grabbable": false,
    "classes": ""
  },
  {
    "data": {
      "id": "R06-PE-ASBR-statusGreen",
      "weight": "30",
      "name": "R06-PE-ASBR-statusGreen",
      "parent": "AS65000",
      "topoViewerRole": "",
      "sourceEndpoint": "",
      "targetEndpoint": ""
    },
    "position": {
      "x": 0,
      "y": 0
    },
    "removed": false,
    "group": "nodes",
    "selected": false,
    "selectable": false,
    "locked": false,
    "grabbed": false,
    "grabbable": false,
    "classes": ""
  },
  {
    "data": {
      "id": "R07-PE-ASBR",
      "weight": "30",
      "name": "R07-PE-ASBR",
      "parent": "AS65000",
      "topoViewerRole": "pe",
      "sourceEndpoint": "",
      "targetEndpoint": "",
      "extraData": {
        "clabServerUsername": "aarafat",
        "fqdn": "R07-PE-ASBR.nokia-ServiceProvider.io",
        "group": "AS65000",
        "id": "R07-PE-ASBR",
        "image": "registry.srlinux.dev/pub/vr-sros:23.10.R1",
        "index": "6",
        "kind": "vr-sros",
        "labdir": "/home/aarafat/nokia-ServiceProvider-lab/clab-nokia-ServiceProvider/R07-PE-ASBR",
        "labels": {
          "ClabMgmtNetBridge": "br_nsp_ip_oob",
          "ClabNodeGroup": "AS65000",
          "ClabNodeKind": "vr-sros",
          "ClabNodeLabDir": "/home/aarafat/nokia-ServiceProvider-lab/clab-nokia-ServiceProvider/R07-PE-ASBR",
          "ClabNodeName": "R07-PE-ASBR",
          "ClabNodeType": "cp: cpu=2 ram=6 chassis=SR-12 slot=A card=cpm5 ___ lc: cpu=2 ram=4 max_nics=10 chassis=SR-12 slot=1 card=iom4-e-hs mda/1=me40-1gb-csfp",
          "ClabTopoFile": "/home/aarafat/nokia-ServiceProvider-lab/topo-nokia-ServiceProvider-lab.yml",
          "Containerlab": "nokia-ServiceProvider",
          "TopoViewerRole": "pe"
        },
        "longname": "clab-nokia-ServiceProvider-R07-PE-ASBR",
        "macAddress": "",
        "mgmtIntf": "",
        "mgmtIpv4AddressLength": 24,
        "mgmtIpv4Addresss": "10.2.1.107",
        "mgmtIpv6Address": "",
        "mgmtIpv6AddressLength": 0,
        "mgmtNet": "",
        "name": "R07-PE-ASBR",
        "shortname": "R07-PE-ASBR",
        "weight": "3"
      }
    },
    "position": {
      "x": 0,
      "y": 0
    },
    "removed": false,
    "group": "nodes",
    "selected": false,
    "selectable": true,
    "locked": false,
    "grabbed": false,
    "grabbable": true,
    "classes": ""
  },
  {
    "data": {
      "id": "R07-PE-ASBR-statusRed",
      "weight": "30",
      "name": "R07-PE-ASBR-statusRed",
      "parent": "AS65000",
      "topoViewerRole": "",
      "sourceEndpoint": "",
      "targetEndpoint": ""
    },
    "position": {
      "x": 0,
      "y": 0
    },
    "removed": false,
    "group": "nodes",
    "selected": false,
    "selectable": false,
    "locked": false,
    "grabbed": false,
    "grabbable": false,
    "classes": ""
  },
  {
    "data": {
      "id": "R07-PE-ASBR-statusGreen",
      "weight": "30",
      "name": "R07-PE-ASBR-statusGreen",
      "parent": "AS65000",
      "topoViewerRole": "",
      "sourceEndpoint": "",
      "targetEndpoint": ""
    },
    "position": {
      "x": 0,
      "y": 0
    },
    "removed": false,
    "group": "nodes",
    "selected": false,
    "selectable": false,
    "locked": false,
    "grabbed": false,
    "grabbable": false,
    "classes": ""
  },
  {
    "data": {
      "id": "R08-PE",
      "weight": "30",
      "name": "R08-PE",
      "parent": "AS55000",
      "topoViewerRole": "pe",
      "sourceEndpoint": "",
      "targetEndpoint": "",
      "extraData": {
        "clabServerUsername": "aarafat",
        "fqdn": "R08-PE.nokia-ServiceProvider.io",
        "group": "AS55000",
        "id": "R08-PE",
        "image": "registry.srlinux.dev/pub/vr-sros:23.10.R1",
        "index": "7",
        "kind": "vr-sros",
        "labdir": "/home/aarafat/nokia-ServiceProvider-lab/clab-nokia-ServiceProvider/R08-PE",
        "labels": {
          "ClabMgmtNetBridge": "br_nsp_ip_oob",
          "ClabNodeGroup": "AS55000",
          "ClabNodeKind": "vr-sros",
          "ClabNodeLabDir": "/home/aarafat/nokia-ServiceProvider-lab/clab-nokia-ServiceProvider/R08-PE",
          "ClabNodeName": "R08-PE",
          "ClabNodeType": "cp: cpu=2 ram=6 chassis=SR-7 slot=A card=cpm5 ___ lc: cpu=2 ram=4 max_nics=10 chassis=SR-7 slot=1 card=iom4-e-hs mda/1=me40-1gb-csfp",
          "ClabTopoFile": "/home/aarafat/nokia-ServiceProvider-lab/topo-nokia-ServiceProvider-lab.yml",
          "Containerlab": "nokia-ServiceProvider",
          "TopoViewerRole": "pe"
        },
        "longname": "clab-nokia-ServiceProvider-R08-PE",
        "macAddress": "",
        "mgmtIntf": "",
        "mgmtIpv4AddressLength": 24,
        "mgmtIpv4Addresss": "10.2.1.108",
        "mgmtIpv6Address": "",
        "mgmtIpv6AddressLength": 0,
        "mgmtNet": "",
        "name": "R08-PE",
        "shortname": "R08-PE",
        "weight": "3"
      }
    },
    "position": {
      "x": 0,
      "y": 0
    },
    "removed": false,
    "group": "nodes",
    "selected": false,
    "selectable": true,
    "locked": false,
    "grabbed": false,
    "grabbable": true,
    "classes": ""
  },
  {
    "data": {
      "id": "R08-PE-statusRed",
      "weight": "30",
      "name": "R08-PE-statusRed",
      "parent": "AS55000",
      "topoViewerRole": "",
      "sourceEndpoint": "",
      "targetEndpoint": ""
    },
    "position": {
      "x": 0,
      "y": 0
    },
    "removed": false,
    "group": "nodes",
    "selected": false,
    "selectable": false,
    "locked": false,
    "grabbed": false,
    "grabbable": false,
    "classes": ""
  },
  {
    "data": {
      "id": "R08-PE-statusGreen",
      "weight": "30",
      "name": "R08-PE-statusGreen",
      "parent": "AS55000",
      "topoViewerRole": "",
      "sourceEndpoint": "",
      "targetEndpoint": ""
    },
    "position": {
      "x": 0,
      "y": 0
    },
    "removed": false,
    "group": "nodes",
    "selected": false,
    "selectable": false,
    "locked": false,
    "grabbed": false,
    "grabbable": false,
    "classes": ""
  },
  {
    "data": {
      "id": "R09-PE-ASBR",
      "weight": "30",
      "name": "R09-PE-ASBR",
      "parent": "AS55000",
      "topoViewerRole": "pe",
      "sourceEndpoint": "",
      "targetEndpoint": "",
      "extraData": {
        "clabServerUsername": "aarafat",
        "fqdn": "R09-PE-ASBR.nokia-ServiceProvider.io",
        "group": "AS55000",
        "id": "R09-PE-ASBR",
        "image": "registry.srlinux.dev/pub/vr-sros:23.10.R1",
        "index": "8",
        "kind": "vr-sros",
        "labdir": "/home/aarafat/nokia-ServiceProvider-lab/clab-nokia-ServiceProvider/R09-PE-ASBR",
        "labels": {
          "ClabMgmtNetBridge": "br_nsp_ip_oob",
          "ClabNodeGroup": "AS55000",
          "ClabNodeKind": "vr-sros",
          "ClabNodeLabDir": "/home/aarafat/nokia-ServiceProvider-lab/clab-nokia-ServiceProvider/R09-PE-ASBR",
          "ClabNodeName": "R09-PE-ASBR",
          "ClabNodeType": "cp: cpu=2 ram=6 chassis=SR-7 slot=A card=cpm5 ___ lc: cpu=2 ram=4 max_nics=10 chassis=SR-7 slot=1 card=iom4-e-hs mda/1=me40-1gb-csfp",
          "ClabTopoFile": "/home/aarafat/nokia-ServiceProvider-lab/topo-nokia-ServiceProvider-lab.yml",
          "Containerlab": "nokia-ServiceProvider",
          "TopoViewerRole": "pe"
        },
        "longname": "clab-nokia-ServiceProvider-R09-PE-ASBR",
        "macAddress": "",
        "mgmtIntf": "",
        "mgmtIpv4AddressLength": 24,
        "mgmtIpv4Addresss": "10.2.1.109",
        "mgmtIpv6Address": "",
        "mgmtIpv6AddressLength": 0,
        "mgmtNet": "",
        "name": "R09-PE-ASBR",
        "shortname": "R09-PE-ASBR",
        "weight": "3"
      }
    },
    "position": {
      "x": 0,
      "y": 0
    },
    "removed": false,
    "group": "nodes",
    "selected": false,
    "selectable": true,
    "locked": false,
    "grabbed": false,
    "grabbable": true,
    "classes": ""
  },
  {
    "data": {
      "id": "R09-PE-ASBR-statusRed",
      "weight": "30",
      "name": "R09-PE-ASBR-statusRed",
      "parent": "AS55000",
      "topoViewerRole": "",
      "sourceEndpoint": "",
      "targetEndpoint": ""
    },
    "position": {
      "x": 0,
      "y": 0
    },
    "removed": false,
    "group": "nodes",
    "selected": false,
    "selectable": false,
    "locked": false,
    "grabbed": false,
    "grabbable": false,
    "classes": ""
  },
  {
    "data": {
      "id": "R09-PE-ASBR-statusGreen",
      "weight": "30",
      "name": "R09-PE-ASBR-statusGreen",
      "parent": "AS55000",
      "topoViewerRole": "",
      "sourceEndpoint": "",
      "targetEndpoint": ""
    },
    "position": {
      "x": 0,
      "y": 0
    },
    "removed": false,
    "group": "nodes",
    "selected": false,
    "selectable": false,
    "locked": false,
    "grabbed": false,
    "grabbable": false,
    "classes": ""
  },
  {
    "data": {
      "id": "R10-PE-ASBR",
      "weight": "30",
      "name": "R10-PE-ASBR",
      "parent": "AS55000",
      "topoViewerRole": "pe",
      "sourceEndpoint": "",
      "targetEndpoint": "",
      "extraData": {
        "clabServerUsername": "aarafat",
        "fqdn": "R10-PE-ASBR.nokia-ServiceProvider.io",
        "group": "AS55000",
        "id": "R10-PE-ASBR",
        "image": "registry.srlinux.dev/pub/vr-sros:23.10.R1",
        "index": "9",
        "kind": "vr-sros",
        "labdir": "/home/aarafat/nokia-ServiceProvider-lab/clab-nokia-ServiceProvider/R10-PE-ASBR",
        "labels": {
          "ClabMgmtNetBridge": "br_nsp_ip_oob",
          "ClabNodeGroup": "AS55000",
          "ClabNodeKind": "vr-sros",
          "ClabNodeLabDir": "/home/aarafat/nokia-ServiceProvider-lab/clab-nokia-ServiceProvider/R10-PE-ASBR",
          "ClabNodeName": "R10-PE-ASBR",
          "ClabNodeType": "cp: cpu=2 ram=6 chassis=SR-7 slot=A card=cpm5 ___ lc: cpu=2 ram=4 max_nics=10 chassis=SR-7 slot=1 card=iom4-e-hs mda/1=me40-1gb-csfp",
          "ClabTopoFile": "/home/aarafat/nokia-ServiceProvider-lab/topo-nokia-ServiceProvider-lab.yml",
          "Containerlab": "nokia-ServiceProvider",
          "TopoViewerRole": "pe"
        },
        "longname": "clab-nokia-ServiceProvider-R10-PE-ASBR",
        "macAddress": "",
        "mgmtIntf": "",
        "mgmtIpv4AddressLength": 24,
        "mgmtIpv4Addresss": "10.2.1.110",
        "mgmtIpv6Address": "",
        "mgmtIpv6AddressLength": 0,
        "mgmtNet": "",
        "name": "R10-PE-ASBR",
        "shortname": "R10-PE-ASBR",
        "weight": "3"
      }
    },
    "position": {
      "x": 0,
      "y": 0
    },
    "removed": false,
    "group": "nodes",
    "selected": false,
    "selectable": true,
    "locked": false,
    "grabbed": false,
    "grabbable": true,
    "classes": ""
  },
  {
    "data": {
      "id": "R10-PE-ASBR-statusRed",
      "weight": "30",
      "name": "R10-PE-ASBR-statusRed",
      "parent": "AS55000",
      "topoViewerRole": "",
      "sourceEndpoint": "",
      "targetEndpoint": ""
    },
    "position": {
      "x": 0,
      "y": 0
    },
    "removed": false,
    "group": "nodes",
    "selected": false,
    "selectable": false,
    "locked": false,
    "grabbed": false,
    "grabbable": false,
    "classes": ""
  },
  {
    "data": {
      "id": "R10-PE-ASBR-statusGreen",
      "weight": "30",
      "name": "R10-PE-ASBR-statusGreen",
      "parent": "AS55000",
      "topoViewerRole": "",
      "sourceEndpoint": "",
      "targetEndpoint": ""
    },
    "position": {
      "x": 0,
      "y": 0
    },
    "removed": false,
    "group": "nodes",
    "selected": false,
    "selectable": false,
    "locked": false,
    "grabbed": false,
    "grabbable": false,
    "classes": ""
  },
  {
    "data": {
      "id": "R11-P",
      "weight": "30",
      "name": "R11-P",
      "parent": "AS65000",
      "topoViewerRole": "p",
      "sourceEndpoint": "",
      "targetEndpoint": "",
      "extraData": {
        "clabServerUsername": "aarafat",
        "fqdn": "R11-P.nokia-ServiceProvider.io",
        "group": "AS65000",
        "id": "R11-P",
        "image": "registry.srlinux.dev/pub/vr-xrv9k:7.3.2",
        "index": "10",
        "kind": "vr-xrv9k",
        "labdir": "/home/aarafat/nokia-ServiceProvider-lab/clab-nokia-ServiceProvider/R11-P",
        "labels": {
          "ClabMgmtNetBridge": "br_nsp_ip_oob",
          "ClabNodeGroup": "AS65000",
          "ClabNodeKind": "vr-xrv9k",
          "ClabNodeLabDir": "/home/aarafat/nokia-ServiceProvider-lab/clab-nokia-ServiceProvider/R11-P",
          "ClabNodeName": "R11-P",
          "ClabNodeType": "",
          "ClabTopoFile": "/home/aarafat/nokia-ServiceProvider-lab/topo-nokia-ServiceProvider-lab.yml",
          "Containerlab": "nokia-ServiceProvider",
          "TopoViewerRole": "p"
        },
        "longname": "clab-nokia-ServiceProvider-R11-P",
        "macAddress": "",
        "mgmtIntf": "",
        "mgmtIpv4AddressLength": 24,
        "mgmtIpv4Addresss": "10.2.1.111",
        "mgmtIpv6Address": "",
        "mgmtIpv6AddressLength": 0,
        "mgmtNet": "",
        "name": "R11-P",
        "shortname": "R11-P",
        "weight": "3"
      }
    },
    "position": {
      "x": 0,
      "y": 0
    },
    "removed": false,
    "group": "nodes",
    "selected": false,
    "selectable": true,
    "locked": false,
    "grabbed": false,
    "grabbable": true,
    "classes": ""
  },
  {
    "data": {
      "id": "R11-P-statusRed",
      "weight": "30",
      "name": "R11-P-statusRed",
      "parent": "AS65000",
      "topoViewerRole": "",
      "sourceEndpoint": "",
      "targetEndpoint": ""
    },
    "position": {
      "x": 0,
      "y": 0
    },
    "removed": false,
    "group": "nodes",
    "selected": false,
    "selectable": false,
    "locked": false,
    "grabbed": false,
    "grabbable": false,
    "classes": ""
  },
  {
    "data": {
      "id": "R11-P-statusGreen",
      "weight": "30",
      "name": "R11-P-statusGreen",
      "parent": "AS65000",
      "topoViewerRole": "",
      "sourceEndpoint": "",
      "targetEndpoint": ""
    },
    "position": {
      "x": 0,
      "y": 0
    },
    "removed": false,
    "group": "nodes",
    "selected": false,
    "selectable": false,
    "locked": false,
    "grabbed": false,
    "grabbable": false,
    "classes": ""
  },
  {
    "data": {
      "id": "R12-P",
      "weight": "30",
      "name": "R12-P",
      "parent": "AS65000",
      "topoViewerRole": "p",
      "sourceEndpoint": "",
      "targetEndpoint": "",
      "extraData": {
        "clabServerUsername": "aarafat",
        "fqdn": "R12-P.nokia-ServiceProvider.io",
        "group": "AS65000",
        "id": "R12-P",
        "image": "registry.srlinux.dev/pub/vr-vmx:17.4R3.16",
        "index": "11",
        "kind": "vr-vmx",
        "labdir": "/home/aarafat/nokia-ServiceProvider-lab/clab-nokia-ServiceProvider/R12-P",
        "labels": {
          "ClabMgmtNetBridge": "br_nsp_ip_oob",
          "ClabNodeGroup": "AS65000",
          "ClabNodeKind": "vr-vmx",
          "ClabNodeLabDir": "/home/aarafat/nokia-ServiceProvider-lab/clab-nokia-ServiceProvider/R12-P",
          "ClabNodeName": "R12-P",
          "ClabNodeType": "",
          "ClabTopoFile": "/home/aarafat/nokia-ServiceProvider-lab/topo-nokia-ServiceProvider-lab.yml",
          "Containerlab": "nokia-ServiceProvider",
          "TopoViewerRole": "p"
        },
        "longname": "clab-nokia-ServiceProvider-R12-P",
        "macAddress": "",
        "mgmtIntf": "",
        "mgmtIpv4AddressLength": 24,
        "mgmtIpv4Addresss": "10.2.1.112",
        "mgmtIpv6Address": "",
        "mgmtIpv6AddressLength": 0,
        "mgmtNet": "",
        "name": "R12-P",
        "shortname": "R12-P",
        "weight": "3"
      }
    },
    "position": {
      "x": 0,
      "y": 0
    },
    "removed": false,
    "group": "nodes",
    "selected": false,
    "selectable": true,
    "locked": false,
    "grabbed": false,
    "grabbable": true,
    "classes": ""
  },
  {
    "data": {
      "id": "R12-P-statusRed",
      "weight": "30",
      "name": "R12-P-statusRed",
      "parent": "AS65000",
      "topoViewerRole": "",
      "sourceEndpoint": "",
      "targetEndpoint": ""
    },
    "position": {
      "x": 0,
      "y": 0
    },
    "removed": false,
    "group": "nodes",
    "selected": false,
    "selectable": false,
    "locked": false,
    "grabbed": false,
    "grabbable": false,
    "classes": ""
  },
  {
    "data": {
      "id": "R12-P-statusGreen",
      "weight": "30",
      "name": "R12-P-statusGreen",
      "parent": "AS65000",
      "topoViewerRole": "",
      "sourceEndpoint": "",
      "targetEndpoint": ""
    },
    "position": {
      "x": 0,
      "y": 0
    },
    "removed": false,
    "group": "nodes",
    "selected": false,
    "selectable": false,
    "locked": false,
    "grabbed": false,
    "grabbable": false,
    "classes": ""
  },
  {
    "data": {
      "id": "R13-P",
      "weight": "30",
      "name": "R13-P",
      "parent": "AS65000",
      "topoViewerRole": "p",
      "sourceEndpoint": "",
      "targetEndpoint": "",
      "extraData": {
        "clabServerUsername": "aarafat",
        "fqdn": "R13-P.nokia-ServiceProvider.io",
        "group": "AS65000",
        "id": "R13-P",
        "image": "registry.srlinux.dev/pub/vr-sros:23.10.R1",
        "index": "12",
        "kind": "vr-sros",
        "labdir": "/home/aarafat/nokia-ServiceProvider-lab/clab-nokia-ServiceProvider/R13-P",
        "labels": {
          "ClabMgmtNetBridge": "br_nsp_ip_oob",
          "ClabNodeGroup": "AS65000",
          "ClabNodeKind": "vr-sros",
          "ClabNodeLabDir": "/home/aarafat/nokia-ServiceProvider-lab/clab-nokia-ServiceProvider/R13-P",
          "ClabNodeName": "R13-P",
          "ClabNodeType": "cp: cpu=2 ram=6 chassis=SR-2s slot=A card=cpm-2s ___ lc: cpu=2 ram=4 max_nics=10 chassis=SR-2s slot=1 card=xcm-2s mda/1=s18-100gb-qsfp28",
          "ClabTopoFile": "/home/aarafat/nokia-ServiceProvider-lab/topo-nokia-ServiceProvider-lab.yml",
          "Containerlab": "nokia-ServiceProvider",
          "TopoViewerRole": "p"
        },
        "longname": "clab-nokia-ServiceProvider-R13-P",
        "macAddress": "",
        "mgmtIntf": "",
        "mgmtIpv4AddressLength": 24,
        "mgmtIpv4Addresss": "10.2.1.113",
        "mgmtIpv6Address": "",
        "mgmtIpv6AddressLength": 0,
        "mgmtNet": "",
        "name": "R13-P",
        "shortname": "R13-P",
        "weight": "3"
      }
    },
    "position": {
      "x": 0,
      "y": 0
    },
    "removed": false,
    "group": "nodes",
    "selected": false,
    "selectable": true,
    "locked": false,
    "grabbed": false,
    "grabbable": true,
    "classes": ""
  },
  {
    "data": {
      "id": "R13-P-statusRed",
      "weight": "30",
      "name": "R13-P-statusRed",
      "parent": "AS65000",
      "topoViewerRole": "",
      "sourceEndpoint": "",
      "targetEndpoint": ""
    },
    "position": {
      "x": 0,
      "y": 0
    },
    "removed": false,
    "group": "nodes",
    "selected": false,
    "selectable": false,
    "locked": false,
    "grabbed": false,
    "grabbable": false,
    "classes": ""
  },
  {
    "data": {
      "id": "R13-P-statusGreen",
      "weight": "30",
      "name": "R13-P-statusGreen",
      "parent": "AS65000",
      "topoViewerRole": "",
      "sourceEndpoint": "",
      "targetEndpoint": ""
    },
    "position": {
      "x": 0,
      "y": 0
    },
    "removed": false,
    "group": "nodes",
    "selected": false,
    "selectable": false,
    "locked": false,
    "grabbed": false,
    "grabbable": false,
    "classes": ""
  },
  {
    "data": {
      "id": "R14-P",
      "weight": "30",
      "name": "R14-P",
      "parent": "AS65000",
      "topoViewerRole": "p",
      "sourceEndpoint": "",
      "targetEndpoint": "",
      "extraData": {
        "clabServerUsername": "aarafat",
        "fqdn": "R14-P.nokia-ServiceProvider.io",
        "group": "AS65000",
        "id": "R14-P",
        "image": "ghcr.io/nokia/srlinux:latest",
        "index": "13",
        "kind": "srl",
        "labdir": "/home/aarafat/nokia-ServiceProvider-lab/clab-nokia-ServiceProvider/R14-P",
        "labels": {
          "ClabMgmtNetBridge": "br_nsp_ip_oob",
          "ClabNodeGroup": "AS65000",
          "ClabNodeKind": "srl",
          "ClabNodeLabDir": "/home/aarafat/nokia-ServiceProvider-lab/clab-nokia-ServiceProvider/R14-P",
          "ClabNodeName": "R14-P",
          "ClabNodeType": "sxr1x44s",
          "ClabTopoFile": "/home/aarafat/nokia-ServiceProvider-lab/topo-nokia-ServiceProvider-lab.yml",
          "Containerlab": "nokia-ServiceProvider",
          "TopoViewerRole": "p"
        },
        "longname": "clab-nokia-ServiceProvider-R14-P",
        "macAddress": "1a:b9:0d:00:00:00",
        "mgmtIntf": "",
        "mgmtIpv4AddressLength": 24,
        "mgmtIpv4Addresss": "10.2.1.114",
        "mgmtIpv6Address": "",
        "mgmtIpv6AddressLength": 0,
        "mgmtNet": "",
        "name": "R14-P",
        "shortname": "R14-P",
        "weight": "3"
      }
    },
    "position": {
      "x": 0,
      "y": 0
    },
    "removed": false,
    "group": "nodes",
    "selected": false,
    "selectable": true,
    "locked": false,
    "grabbed": false,
    "grabbable": true,
    "classes": ""
  },
  {
    "data": {
      "id": "R14-P-statusRed",
      "weight": "30",
      "name": "R14-P-statusRed",
      "parent": "AS65000",
      "topoViewerRole": "",
      "sourceEndpoint": "",
      "targetEndpoint": ""
    },
    "position": {
      "x": 0,
      "y": 0
    },
    "removed": false,
    "group": "nodes",
    "selected": false,
    "selectable": false,
    "locked": false,
    "grabbed": false,
    "grabbable": false,
    "classes": ""
  },
  {
    "data": {
      "id": "R14-P-statusGreen",
      "weight": "30",
      "name": "R14-P-statusGreen",
      "parent": "AS65000",
      "topoViewerRole": "",
      "sourceEndpoint": "",
      "targetEndpoint": ""
    },
    "position": {
      "x": 0,
      "y": 0
    },
    "removed": false,
    "group": "nodes",
    "selected": false,
    "selectable": false,
    "locked": false,
    "grabbed": false,
    "grabbable": false,
    "classes": ""
  },
  {
    "data": {
      "id": "R31-EDGE",
      "weight": "30",
      "name": "R31-EDGE",
      "parent": "AS65000",
      "topoViewerRole": "pe",
      "sourceEndpoint": "",
      "targetEndpoint": "",
      "extraData": {
        "clabServerUsername": "aarafat",
        "fqdn": "R31-EDGE.nokia-ServiceProvider.io",
        "group": "AS65000",
        "id": "R31-EDGE",
        "image": "registry.srlinux.dev/pub/vr-sros:23.10.R1",
        "index": "14",
        "kind": "vr-sros",
        "labdir": "/home/aarafat/nokia-ServiceProvider-lab/clab-nokia-ServiceProvider/R31-EDGE",
        "labels": {
          "ClabMgmtNetBridge": "br_nsp_ip_oob",
          "ClabNodeGroup": "AS65000",
          "ClabNodeKind": "vr-sros",
          "ClabNodeLabDir": "/home/aarafat/nokia-ServiceProvider-lab/clab-nokia-ServiceProvider/R31-EDGE",
          "ClabNodeName": "R31-EDGE",
          "ClabNodeType": "cpu=2 ram=4 slot=A chassis=ixr-e2 card=cpm-ixr-e2 mda/1=m2-qsfpdd+2-qsfp28+24-sfp28",
          "ClabTopoFile": "/home/aarafat/nokia-ServiceProvider-lab/topo-nokia-ServiceProvider-lab.yml",
          "Containerlab": "nokia-ServiceProvider",
          "TopoViewerRole": "pe"
        },
        "longname": "clab-nokia-ServiceProvider-R31-EDGE",
        "macAddress": "",
        "mgmtIntf": "",
        "mgmtIpv4AddressLength": 24,
        "mgmtIpv4Addresss": "10.2.1.131",
        "mgmtIpv6Address": "",
        "mgmtIpv6AddressLength": 0,
        "mgmtNet": "",
        "name": "R31-EDGE",
        "shortname": "R31-EDGE",
        "weight": "3"
      }
    },
    "position": {
      "x": 0,
      "y": 0
    },
    "removed": false,
    "group": "nodes",
    "selected": false,
    "selectable": true,
    "locked": false,
    "grabbed": false,
    "grabbable": true,
    "classes": ""
  },
  {
    "data": {
      "id": "R31-EDGE-statusRed",
      "weight": "30",
      "name": "R31-EDGE-statusRed",
      "parent": "AS65000",
      "topoViewerRole": "",
      "sourceEndpoint": "",
      "targetEndpoint": ""
    },
    "position": {
      "x": 0,
      "y": 0
    },
    "removed": false,
    "group": "nodes",
    "selected": false,
    "selectable": false,
    "locked": false,
    "grabbed": false,
    "grabbable": false,
    "classes": ""
  },
  {
    "data": {
      "id": "R31-EDGE-statusGreen",
      "weight": "30",
      "name": "R31-EDGE-statusGreen",
      "parent": "AS65000",
      "topoViewerRole": "",
      "sourceEndpoint": "",
      "targetEndpoint": ""
    },
    "position": {
      "x": 0,
      "y": 0
    },
    "removed": false,
    "group": "nodes",
    "selected": false,
    "selectable": false,
    "locked": false,
    "grabbed": false,
    "grabbable": false,
    "classes": ""
  },
  {
    "data": {
      "id": "br_clab",
      "weight": "30",
      "name": "br_clab",
      "parent": "toVsrNrc",
      "topoViewerRole": "bridge",
      "sourceEndpoint": "",
      "targetEndpoint": "",
      "extraData": {
        "clabServerUsername": "aarafat",
        "fqdn": "br_clab.nokia-ServiceProvider.io",
        "group": "toVsrNrc",
        "id": "br_clab",
        "image": "",
        "index": "15",
        "kind": "bridge",
        "labdir": "/home/aarafat/nokia-ServiceProvider-lab/clab-nokia-ServiceProvider/br_clab",
        "labels": {
          "ClabMgmtNetBridge": "br_nsp_ip_oob",
          "ClabNodeGroup": "toVsrNrc",
          "ClabNodeKind": "bridge",
          "ClabNodeLabDir": "/home/aarafat/nokia-ServiceProvider-lab/clab-nokia-ServiceProvider/br_clab",
          "ClabNodeName": "br_clab",
          "ClabNodeType": "",
          "ClabTopoFile": "/home/aarafat/nokia-ServiceProvider-lab/topo-nokia-ServiceProvider-lab.yml",
          "Containerlab": "nokia-ServiceProvider",
          "TopoViewerRole": "bridge"
        },
        "longname": "clab-nokia-ServiceProvider-br_clab",
        "macAddress": "",
        "mgmtIntf": "",
        "mgmtIpv4AddressLength": 0,
        "mgmtIpv4Addresss": "",
        "mgmtIpv6Address": "",
        "mgmtIpv6AddressLength": 0,
        "mgmtNet": "",
        "name": "br_clab",
        "shortname": "br_clab",
        "weight": "3"
      }
    },
    "position": {
      "x": 0,
      "y": 0
    },
    "removed": false,
    "group": "nodes",
    "selected": false,
    "selectable": true,
    "locked": false,
    "grabbed": false,
    "grabbable": true,
    "classes": ""
  },
  {
    "data": {
      "id": "br_clab-statusRed",
      "weight": "30",
      "name": "br_clab-statusRed",
      "parent": "toVsrNrc",
      "topoViewerRole": "",
      "sourceEndpoint": "",
      "targetEndpoint": ""
    },
    "position": {
      "x": 0,
      "y": 0
    },
    "removed": false,
    "group": "nodes",
    "selected": false,
    "selectable": false,
    "locked": false,
    "grabbed": false,
    "grabbable": false,
    "classes": ""
  },
  {
    "data": {
      "id": "br_clab-statusGreen",
      "weight": "30",
      "name": "br_clab-statusGreen",
      "parent": "toVsrNrc",
      "topoViewerRole": "",
      "sourceEndpoint": "",
      "targetEndpoint": ""
    },
    "position": {
      "x": 0,
      "y": 0
    },
    "removed": false,
    "group": "nodes",
    "selected": false,
    "selectable": false,
    "locked": false,
    "grabbed": false,
    "grabbable": false,
    "classes": ""
  },
  {
    "data": {
      "id": "br_nsp_ip_ib",
      "weight": "30",
      "name": "br_nsp_ip_ib",
      "parent": "toInbandManagementNetwork",
      "topoViewerRole": "bridge",
      "sourceEndpoint": "",
      "targetEndpoint": "",
      "extraData": {
        "clabServerUsername": "aarafat",
        "fqdn": "br_nsp_ip_ib.nokia-ServiceProvider.io",
        "group": "toInbandManagementNetwork",
        "id": "br_nsp_ip_ib",
        "image": "",
        "index": "16",
        "kind": "bridge",
        "labdir": "/home/aarafat/nokia-ServiceProvider-lab/clab-nokia-ServiceProvider/br_nsp_ip_ib",
        "labels": {
          "ClabMgmtNetBridge": "br_nsp_ip_oob",
          "ClabNodeGroup": "toInbandManagementNetwork",
          "ClabNodeKind": "bridge",
          "ClabNodeLabDir": "/home/aarafat/nokia-ServiceProvider-lab/clab-nokia-ServiceProvider/br_nsp_ip_ib",
          "ClabNodeName": "br_nsp_ip_ib",
          "ClabNodeType": "",
          "ClabTopoFile": "/home/aarafat/nokia-ServiceProvider-lab/topo-nokia-ServiceProvider-lab.yml",
          "Containerlab": "nokia-ServiceProvider",
          "TopoViewerRole": "bridge"
        },
        "longname": "clab-nokia-ServiceProvider-br_nsp_ip_ib",
        "macAddress": "",
        "mgmtIntf": "",
        "mgmtIpv4AddressLength": 0,
        "mgmtIpv4Addresss": "",
        "mgmtIpv6Address": "",
        "mgmtIpv6AddressLength": 0,
        "mgmtNet": "",
        "name": "br_nsp_ip_ib",
        "shortname": "br_nsp_ip_ib",
        "weight": "3"
      }
    },
    "position": {
      "x": 0,
      "y": 0
    },
    "removed": false,
    "group": "nodes",
    "selected": false,
    "selectable": true,
    "locked": false,
    "grabbed": false,
    "grabbable": true,
    "classes": ""
  },
  {
    "data": {
      "id": "br_nsp_ip_ib-statusRed",
      "weight": "30",
      "name": "br_nsp_ip_ib-statusRed",
      "parent": "toInbandManagementNetwork",
      "topoViewerRole": "",
      "sourceEndpoint": "",
      "targetEndpoint": ""
    },
    "position": {
      "x": 0,
      "y": 0
    },
    "removed": false,
    "group": "nodes",
    "selected": false,
    "selectable": false,
    "locked": false,
    "grabbed": false,
    "grabbable": false,
    "classes": ""
  },
  {
    "data": {
      "id": "br_nsp_ip_ib-statusGreen",
      "weight": "30",
      "name": "br_nsp_ip_ib-statusGreen",
      "parent": "toInbandManagementNetwork",
      "topoViewerRole": "",
      "sourceEndpoint": "",
      "targetEndpoint": ""
    },
    "position": {
      "x": 0,
      "y": 0
    },
    "removed": false,
    "group": "nodes",
    "selected": false,
    "selectable": false,
    "locked": false,
    "grabbed": false,
    "grabbable": false,
    "classes": ""
  },
  {
    "data": {
      "id": "AS65000",
      "weight": "1000",
      "name": "AS65000",
      "topoViewerRole": "AS65000",
      "sourceEndpoint": "",
      "targetEndpoint": "",
      "extraData": {
        "clabServerUsername": "aarafat",
        "name": "",
        "weight": "2"
      }
    },
    "position": {
      "x": 0,
      "y": 0
    },
    "removed": false,
    "group": "nodes",
    "selected": false,
    "selectable": true,
    "locked": false,
    "grabbed": false,
    "grabbable": true,
    "classes": ""
  },
  {
    "data": {
      "id": "AS55000",
      "weight": "1000",
      "name": "AS55000",
      "topoViewerRole": "AS55000",
      "sourceEndpoint": "",
      "targetEndpoint": "",
      "extraData": {
        "clabServerUsername": "aarafat",
        "name": "",
        "weight": "2"
      }
    },
    "position": {
      "x": 0,
      "y": 0
    },
    "removed": false,
    "group": "nodes",
    "selected": false,
    "selectable": true,
    "locked": false,
    "grabbed": false,
    "grabbable": true,
    "classes": ""
  },
  {
    "data": {
      "id": "toVsrNrc",
      "weight": "1000",
      "name": "toVsrNrc",
      "topoViewerRole": "toVsrNrc",
      "sourceEndpoint": "",
      "targetEndpoint": "",
      "extraData": {
        "clabServerUsername": "aarafat",
        "name": "",
        "weight": "2"
      }
    },
    "position": {
      "x": 0,
      "y": 0
    },
    "removed": false,
    "group": "nodes",
    "selected": false,
    "selectable": true,
    "locked": false,
    "grabbed": false,
    "grabbable": true,
    "classes": ""
  },
  {
    "data": {
      "id": "toInbandManagementNetwork",
      "weight": "1000",
      "name": "toInbandManagementNetwork",
      "topoViewerRole": "toInbandManagementNetwork",
      "sourceEndpoint": "",
      "targetEndpoint": "",
      "extraData": {
        "clabServerUsername": "aarafat",
        "name": "",
        "weight": "2"
      }
    },
    "position": {
      "x": 0,
      "y": 0
    },
    "removed": false,
    "group": "nodes",
    "selected": false,
    "selectable": true,
    "locked": false,
    "grabbed": false,
    "grabbable": true,
    "classes": ""
  },
  {
    "data": {
      "id": "Clab-Link0",
      "source": "R01-PE",
      "target": "R02-PE",
      "weight": "3",
      "name": "toInbandManagementNetwork",
      "topoViewerRole": "toInbandManagementNetwork",
      "sourceEndpoint": "eth2",
      "targetEndpoint": "eth2",
      "extraData": {
        "clabServerUsername": "aarafat",
        "clabSourceLongName": "clab-nokia-ServiceProvider-R01-PE",
        "clabSourceMacAddress": "aa:c1:ab:fb:3a:38",
        "clabSourcePort": "eth2",
        "clabTargetLongName": "clab-nokia-ServiceProvider-R02-PE",
        "clabTargetMacAddress": "aa:c1:ab:e9:4d:75",
        "clabTargetPort": "eth2",
        "topoViewerSnmpGetSourcePort": "",
        "topoViewerSnmpGetTargetPort": ""
      }
    },
    "position": {
      "x": 0,
      "y": 0
    },
    "removed": false,
    "group": "edges",
    "selected": false,
    "selectable": true,
    "locked": false,
    "grabbed": false,
    "grabbable": true,
    "classes": ""
  },
  {
    "data": {
      "id": "Clab-Link1",
      "source": "R01-PE",
      "target": "R03-P",
      "weight": "3",
      "name": "toInbandManagementNetwork",
      "topoViewerRole": "toInbandManagementNetwork",
      "sourceEndpoint": "eth1",
      "targetEndpoint": "eth1",
      "extraData": {
        "clabServerUsername": "aarafat",
        "clabSourceLongName": "clab-nokia-ServiceProvider-R01-PE",
        "clabSourceMacAddress": "aa:c1:ab:8a:00:cc",
        "clabSourcePort": "eth1",
        "clabTargetLongName": "clab-nokia-ServiceProvider-R03-P",
        "clabTargetMacAddress": "aa:c1:ab:00:b6:10",
        "clabTargetPort": "eth1",
        "topoViewerSnmpGetSourcePort": "",
        "topoViewerSnmpGetTargetPort": ""
      }
    },
    "position": {
      "x": 0,
      "y": 0
    },
    "removed": false,
    "group": "edges",
    "selected": false,
    "selectable": true,
    "locked": false,
    "grabbed": false,
    "grabbable": true,
    "classes": ""
  },
  {
    "data": {
      "id": "Clab-Link2",
      "source": "R02-PE",
      "target": "R04-P",
      "weight": "3",
      "name": "toInbandManagementNetwork",
      "topoViewerRole": "toInbandManagementNetwork",
      "sourceEndpoint": "eth1",
      "targetEndpoint": "eth1",
      "extraData": {
        "clabServerUsername": "aarafat",
        "clabSourceLongName": "clab-nokia-ServiceProvider-R02-PE",
        "clabSourceMacAddress": "aa:c1:ab:f8:40:8a",
        "clabSourcePort": "eth1",
        "clabTargetLongName": "clab-nokia-ServiceProvider-R04-P",
        "clabTargetMacAddress": "aa:c1:ab:68:9e:b2",
        "clabTargetPort": "eth1",
        "topoViewerSnmpGetSourcePort": "",
        "topoViewerSnmpGetTargetPort": ""
      }
    },
    "position": {
      "x": 0,
      "y": 0
    },
    "removed": false,
    "group": "edges",
    "selected": false,
    "selectable": true,
    "locked": false,
    "grabbed": false,
    "grabbable": true,
    "classes": ""
  },
  {
    "data": {
      "id": "Clab-Link3",
      "source": "R03-P",
      "target": "R04-P",
      "weight": "3",
      "name": "toInbandManagementNetwork",
      "topoViewerRole": "toInbandManagementNetwork",
      "sourceEndpoint": "eth3",
      "targetEndpoint": "eth3",
      "extraData": {
        "clabServerUsername": "aarafat",
        "clabSourceLongName": "clab-nokia-ServiceProvider-R03-P",
        "clabSourceMacAddress": "aa:c1:ab:16:1f:21",
        "clabSourcePort": "eth3",
        "clabTargetLongName": "clab-nokia-ServiceProvider-R04-P",
        "clabTargetMacAddress": "aa:c1:ab:ff:7c:c3",
        "clabTargetPort": "eth3",
        "topoViewerSnmpGetSourcePort": "",
        "topoViewerSnmpGetTargetPort": ""
      }
    },
    "position": {
      "x": 0,
      "y": 0
    },
    "removed": false,
    "group": "edges",
    "selected": false,
    "selectable": true,
    "locked": false,
    "grabbed": false,
    "grabbable": true,
    "classes": ""
  },
  {
    "data": {
      "id": "Clab-Link4",
      "source": "R03-P",
      "target": "R05-PE",
      "weight": "3",
      "name": "toInbandManagementNetwork",
      "topoViewerRole": "toInbandManagementNetwork",
      "sourceEndpoint": "eth4",
      "targetEndpoint": "eth2",
      "extraData": {
        "clabServerUsername": "aarafat",
        "clabSourceLongName": "clab-nokia-ServiceProvider-R03-P",
        "clabSourceMacAddress": "aa:c1:ab:4a:20:ae",
        "clabSourcePort": "eth4",
        "clabTargetLongName": "clab-nokia-ServiceProvider-R05-PE",
        "clabTargetMacAddress": "aa:c1:ab:03:e2:36",
        "clabTargetPort": "eth2",
        "topoViewerSnmpGetSourcePort": "",
        "topoViewerSnmpGetTargetPort": ""
      }
    },
    "position": {
      "x": 0,
      "y": 0
    },
    "removed": false,
    "group": "edges",
    "selected": false,
    "selectable": true,
    "locked": false,
    "grabbed": false,
    "grabbable": true,
    "classes": ""
  },
  {
    "data": {
      "id": "Clab-Link5",
      "source": "R03-P",
      "target": "R06-PE-ASBR",
      "weight": "3",
      "name": "toInbandManagementNetwork",
      "topoViewerRole": "toInbandManagementNetwork",
      "sourceEndpoint": "eth2",
      "targetEndpoint": "eth2",
      "extraData": {
        "clabServerUsername": "aarafat",
        "clabSourceLongName": "clab-nokia-ServiceProvider-R03-P",
        "clabSourceMacAddress": "aa:c1:ab:41:bc:d3",
        "clabSourcePort": "eth2",
        "clabTargetLongName": "clab-nokia-ServiceProvider-R06-PE-ASBR",
        "clabTargetMacAddress": "aa:c1:ab:29:6b:41",
        "clabTargetPort": "eth2",
        "topoViewerSnmpGetSourcePort": "",
        "topoViewerSnmpGetTargetPort": ""
      }
    },
    "position": {
      "x": 0,
      "y": 0
    },
    "removed": false,
    "group": "edges",
    "selected": false,
    "selectable": true,
    "locked": false,
    "grabbed": false,
    "grabbable": true,
    "classes": ""
  },
  {
    "data": {
      "id": "Clab-Link6",
      "source": "R03-P",
      "target": "R07-PE-ASBR",
      "weight": "3",
      "name": "toInbandManagementNetwork",
      "topoViewerRole": "toInbandManagementNetwork",
      "sourceEndpoint": "eth5",
      "targetEndpoint": "eth3",
      "extraData": {
        "clabServerUsername": "aarafat",
        "clabSourceLongName": "clab-nokia-ServiceProvider-R03-P",
        "clabSourceMacAddress": "aa:c1:ab:d9:eb:2a",
        "clabSourcePort": "eth5",
        "clabTargetLongName": "clab-nokia-ServiceProvider-R07-PE-ASBR",
        "clabTargetMacAddress": "aa:c1:ab:79:ce:de",
        "clabTargetPort": "eth3",
        "topoViewerSnmpGetSourcePort": "",
        "topoViewerSnmpGetTargetPort": ""
      }
    },
    "position": {
      "x": 0,
      "y": 0
    },
    "removed": false,
    "group": "edges",
    "selected": false,
    "selectable": true,
    "locked": false,
    "grabbed": false,
    "grabbable": true,
    "classes": ""
  },
  {
    "data": {
      "id": "Clab-Link7",
      "source": "R04-P",
      "target": "R05-PE",
      "weight": "3",
      "name": "toInbandManagementNetwork",
      "topoViewerRole": "toInbandManagementNetwork",
      "sourceEndpoint": "new-endpoint1",
      "targetEndpoint": "eth5",
      "extraData": {
        "clabServerUsername": "aarafat",
        "clabSourceLongName": "clab-nokia-ServiceProvider-R04-P",
        "clabSourceMacAddress": "aa:c1:ab:72:f6:e1",
        "clabSourcePort": "eth5",
        "clabTargetLongName": "clab-nokia-ServiceProvider-R05-PE",
        "clabTargetMacAddress": "aa:c1:ab:2f:be:6d",
        "clabTargetPort": "eth5",
        "topoViewerSnmpGetSourcePort": "",
        "topoViewerSnmpGetTargetPort": ""
      }
    },
    "position": {
      "x": 0,
      "y": 0
    },
    "removed": false,
    "group": "edges",
    "selected": false,
    "selectable": true,
    "locked": false,
    "grabbed": false,
    "grabbable": true,
    "classes": ""
  },
  {
    "data": {
      "id": "Clab-Link8",
      "source": "R04-P",
      "target": "R06-PE-ASBR",
      "weight": "3",
      "name": "toInbandManagementNetwork",
      "topoViewerRole": "toInbandManagementNetwork",
      "sourceEndpoint": "new-endpoint2",
      "targetEndpoint": "eth1",
      "extraData": {
        "clabServerUsername": "aarafat",
        "clabSourceLongName": "clab-nokia-ServiceProvider-R04-P",
        "clabSourceMacAddress": "aa:c1:ab:43:eb:20",
        "clabSourcePort": "eth2",
        "clabTargetLongName": "clab-nokia-ServiceProvider-R06-PE-ASBR",
        "clabTargetMacAddress": "aa:c1:ab:d5:fd:bb",
        "clabTargetPort": "eth1",
        "topoViewerSnmpGetSourcePort": "",
        "topoViewerSnmpGetTargetPort": ""
      }
    },
    "position": {
      "x": 0,
      "y": 0
    },
    "removed": false,
    "group": "edges",
    "selected": false,
    "selectable": true,
    "locked": false,
    "grabbed": false,
    "grabbable": true,
    "classes": ""
  },
  {
    "data": {
      "id": "Clab-Link9",
      "source": "R04-P",
      "target": "R07-PE-ASBR",
      "weight": "3",
      "name": "toInbandManagementNetwork",
      "topoViewerRole": "toInbandManagementNetwork",
      "sourceEndpoint": "eth4",
      "targetEndpoint": "eth2",
      "extraData": {
        "clabServerUsername": "aarafat",
        "clabSourceLongName": "clab-nokia-ServiceProvider-R04-P",
        "clabSourceMacAddress": "aa:c1:ab:67:59:33",
        "clabSourcePort": "eth4",
        "clabTargetLongName": "clab-nokia-ServiceProvider-R07-PE-ASBR",
        "clabTargetMacAddress": "aa:c1:ab:a7:21:11",
        "clabTargetPort": "eth2",
        "topoViewerSnmpGetSourcePort": "",
        "topoViewerSnmpGetTargetPort": ""
      }
    },
    "position": {
      "x": 0,
      "y": 0
    },
    "removed": false,
    "group": "edges",
    "selected": false,
    "selectable": true,
    "locked": false,
    "grabbed": false,
    "grabbable": true,
    "classes": ""
  },
  {
    "data": {
      "id": "Clab-Link10",
      "source": "R06-PE-ASBR",
      "target": "R09-PE-ASBR",
      "weight": "3",
      "name": "toInbandManagementNetwork",
      "topoViewerRole": "toInbandManagementNetwork",
      "sourceEndpoint": "eth3",
      "targetEndpoint": "eth3",
      "extraData": {
        "clabServerUsername": "aarafat",
        "clabSourceLongName": "clab-nokia-ServiceProvider-R06-PE-ASBR",
        "clabSourceMacAddress": "aa:c1:ab:a1:ff:b5",
        "clabSourcePort": "eth3",
        "clabTargetLongName": "clab-nokia-ServiceProvider-R09-PE-ASBR",
        "clabTargetMacAddress": "aa:c1:ab:a0:7e:43",
        "clabTargetPort": "eth3",
        "topoViewerSnmpGetSourcePort": "",
        "topoViewerSnmpGetTargetPort": ""
      }
    },
    "position": {
      "x": 0,
      "y": 0
    },
    "removed": false,
    "group": "edges",
    "selected": false,
    "selectable": true,
    "locked": false,
    "grabbed": false,
    "grabbable": true,
    "classes": ""
  },
  {
    "data": {
      "id": "Clab-Link11",
      "source": "R07-PE-ASBR",
      "target": "R10-PE-ASBR",
      "weight": "3",
      "name": "toInbandManagementNetwork",
      "topoViewerRole": "toInbandManagementNetwork",
      "sourceEndpoint": "eth1",
      "targetEndpoint": "eth3",
      "extraData": {
        "clabServerUsername": "aarafat",
        "clabSourceLongName": "clab-nokia-ServiceProvider-R07-PE-ASBR",
        "clabSourceMacAddress": "aa:c1:ab:27:c5:a5",
        "clabSourcePort": "eth1",
        "clabTargetLongName": "clab-nokia-ServiceProvider-R10-PE-ASBR",
        "clabTargetMacAddress": "aa:c1:ab:4e:35:6f",
        "clabTargetPort": "eth3",
        "topoViewerSnmpGetSourcePort": "",
        "topoViewerSnmpGetTargetPort": ""
      }
    },
    "position": {
      "x": 0,
      "y": 0
    },
    "removed": false,
    "group": "edges",
    "selected": false,
    "selectable": true,
    "locked": false,
    "grabbed": false,
    "grabbable": true,
    "classes": ""
  },
  {
    "data": {
      "id": "Clab-Link12",
      "source": "R09-PE-ASBR",
      "target": "R08-PE",
      "weight": "3",
      "name": "toInbandManagementNetwork",
      "topoViewerRole": "toInbandManagementNetwork",
      "sourceEndpoint": "eth2",
      "targetEndpoint": "eth5",
      "extraData": {
        "clabServerUsername": "aarafat",
        "clabSourceLongName": "clab-nokia-ServiceProvider-R09-PE-ASBR",
        "clabSourceMacAddress": "aa:c1:ab:ad:e2:e3",
        "clabSourcePort": "eth2",
        "clabTargetLongName": "clab-nokia-ServiceProvider-R08-PE",
        "clabTargetMacAddress": "aa:c1:ab:b2:db:dd",
        "clabTargetPort": "eth5",
        "topoViewerSnmpGetSourcePort": "",
        "topoViewerSnmpGetTargetPort": ""
      }
    },
    "position": {
      "x": 0,
      "y": 0
    },
    "removed": false,
    "group": "edges",
    "selected": false,
    "selectable": true,
    "locked": false,
    "grabbed": false,
    "grabbable": true,
    "classes": ""
  },
  {
    "data": {
      "id": "Clab-Link13",
      "source": "R10-PE-ASBR",
      "target": "R08-PE",
      "weight": "3",
      "name": "toInbandManagementNetwork",
      "topoViewerRole": "toInbandManagementNetwork",
      "sourceEndpoint": "eth2",
      "targetEndpoint": "eth2",
      "extraData": {
        "clabServerUsername": "aarafat",
        "clabSourceLongName": "clab-nokia-ServiceProvider-R10-PE-ASBR",
        "clabSourceMacAddress": "aa:c1:ab:0b:63:1c",
        "clabSourcePort": "eth2",
        "clabTargetLongName": "clab-nokia-ServiceProvider-R08-PE",
        "clabTargetMacAddress": "aa:c1:ab:21:1d:41",
        "clabTargetPort": "eth2",
        "topoViewerSnmpGetSourcePort": "",
        "topoViewerSnmpGetTargetPort": ""
      }
    },
    "position": {
      "x": 0,
      "y": 0
    },
    "removed": false,
    "group": "edges",
    "selected": false,
    "selectable": true,
    "locked": false,
    "grabbed": false,
    "grabbable": true,
    "classes": ""
  },
  {
    "data": {
      "id": "Clab-Link14",
      "source": "R05-PE",
      "target": "R31-EDGE",
      "weight": "3",
      "name": "toInbandManagementNetwork",
      "topoViewerRole": "toInbandManagementNetwork",
      "sourceEndpoint": "eth4",
      "targetEndpoint": "eth1",
      "extraData": {
        "clabServerUsername": "aarafat",
        "clabSourceLongName": "clab-nokia-ServiceProvider-R05-PE",
        "clabSourceMacAddress": "aa:c1:ab:4e:f6:9c",
        "clabSourcePort": "eth4",
        "clabTargetLongName": "clab-nokia-ServiceProvider-R31-EDGE",
        "clabTargetMacAddress": "aa:c1:ab:87:23:79",
        "clabTargetPort": "eth1",
        "topoViewerSnmpGetSourcePort": "",
        "topoViewerSnmpGetTargetPort": ""
      }
    },
    "position": {
      "x": 0,
      "y": 0
    },
    "removed": false,
    "group": "edges",
    "selected": false,
    "selectable": true,
    "locked": false,
    "grabbed": false,
    "grabbable": true,
    "classes": ""
  },
  {
    "data": {
      "id": "Clab-Link15",
      "source": "R07-PE-ASBR",
      "target": "br_clab",
      "weight": "3",
      "name": "toInbandManagementNetwork",
      "topoViewerRole": "toInbandManagementNetwork",
      "sourceEndpoint": "eth4",
      "targetEndpoint": "to-R07-PE-ASBR-eth4",
      "extraData": {
        "clabServerUsername": "aarafat",
        "clabSourceLongName": "clab-nokia-ServiceProvider-R07-PE-ASBR",
        "clabSourceMacAddress": "aa:c1:ab:22:a4:8b",
        "clabSourcePort": "eth4",
        "clabTargetLongName": "clab-nokia-ServiceProvider-br_clab",
        "clabTargetMacAddress": "aa:c1:ab:ca:cd:01",
        "clabTargetPort": "to-R07-PE-ASBR-eth4",
        "topoViewerSnmpGetSourcePort": "",
        "topoViewerSnmpGetTargetPort": ""
      }
    },
    "position": {
      "x": 0,
      "y": 0
    },
    "removed": false,
    "group": "edges",
    "selected": false,
    "selectable": true,
    "locked": false,
    "grabbed": false,
    "grabbable": true,
    "classes": ""
  },
  {
    "data": {
      "id": "Clab-Link16",
      "source": "R10-PE-ASBR",
      "target": "br_clab",
      "weight": "3",
      "name": "toInbandManagementNetwork",
      "topoViewerRole": "toInbandManagementNetwork",
      "sourceEndpoint": "eth4",
      "targetEndpoint": "to-R10-PE-ASBR-eth4",
      "extraData": {
        "clabServerUsername": "aarafat",
        "clabSourceLongName": "clab-nokia-ServiceProvider-R10-PE-ASBR",
        "clabSourceMacAddress": "aa:c1:ab:6d:27:fd",
        "clabSourcePort": "eth4",
        "clabTargetLongName": "clab-nokia-ServiceProvider-br_clab",
        "clabTargetMacAddress": "aa:c1:ab:c7:25:6f",
        "clabTargetPort": "to-R10-PE-ASBR-eth4",
        "topoViewerSnmpGetSourcePort": "",
        "topoViewerSnmpGetTargetPort": ""
      }
    },
    "position": {
      "x": 0,
      "y": 0
    },
    "removed": false,
    "group": "edges",
    "selected": false,
    "selectable": true,
    "locked": false,
    "grabbed": false,
    "grabbable": true,
    "classes": ""
  },
  {
    "data": {
      "id": "Clab-Link17",
      "source": "R07-PE-ASBR",
      "target": "br_clab",
      "weight": "3",
      "name": "toInbandManagementNetwork",
      "topoViewerRole": "toInbandManagementNetwork",
      "sourceEndpoint": "eth5",
      "targetEndpoint": "to-R07-PE-ASBR-eth5",
      "extraData": {
        "clabServerUsername": "aarafat",
        "clabSourceLongName": "clab-nokia-ServiceProvider-R07-PE-ASBR",
        "clabSourceMacAddress": "aa:c1:ab:7e:29:7a",
        "clabSourcePort": "eth5",
        "clabTargetLongName": "clab-nokia-ServiceProvider-br_clab",
        "clabTargetMacAddress": "aa:c1:ab:b8:f2:9d",
        "clabTargetPort": "to-R07-PE-ASBR-eth5",
        "topoViewerSnmpGetSourcePort": "",
        "topoViewerSnmpGetTargetPort": ""
      }
    },
    "position": {
      "x": 0,
      "y": 0
    },
    "removed": false,
    "group": "edges",
    "selected": false,
    "selectable": true,
    "locked": false,
    "grabbed": false,
    "grabbable": true,
    "classes": ""
  },
  {
    "data": {
      "id": "Clab-Link18",
      "source": "R10-PE-ASBR",
      "target": "br_clab",
      "weight": "3",
      "name": "toInbandManagementNetwork",
      "topoViewerRole": "toInbandManagementNetwork",
      "sourceEndpoint": "eth5",
      "targetEndpoint": "to-R10-PE-ASBR-eth5",
      "extraData": {
        "clabServerUsername": "aarafat",
        "clabSourceLongName": "clab-nokia-ServiceProvider-R10-PE-ASBR",
        "clabSourceMacAddress": "aa:c1:ab:77:29:f7",
        "clabSourcePort": "eth5",
        "clabTargetLongName": "clab-nokia-ServiceProvider-br_clab",
        "clabTargetMacAddress": "aa:c1:ab:d4:41:cd",
        "clabTargetPort": "to-R10-PE-ASBR-eth5",
        "topoViewerSnmpGetSourcePort": "",
        "topoViewerSnmpGetTargetPort": ""
      }
    },
    "position": {
      "x": 0,
      "y": 0
    },
    "removed": false,
    "group": "edges",
    "selected": false,
    "selectable": true,
    "locked": false,
    "grabbed": false,
    "grabbable": true,
    "classes": ""
  },
  {
    "data": {
      "id": "Clab-Link19",
      "source": "R11-P",
      "target": "R01-PE",
      "weight": "3",
      "name": "toInbandManagementNetwork",
      "topoViewerRole": "toInbandManagementNetwork",
      "sourceEndpoint": "eth1",
      "targetEndpoint": "eth5",
      "extraData": {
        "clabServerUsername": "aarafat",
        "clabSourceLongName": "clab-nokia-ServiceProvider-R11-P",
        "clabSourceMacAddress": "aa:c1:ab:75:98:46",
        "clabSourcePort": "eth1",
        "clabTargetLongName": "clab-nokia-ServiceProvider-R01-PE",
        "clabTargetMacAddress": "aa:c1:ab:a4:6f:09",
        "clabTargetPort": "eth5",
        "topoViewerSnmpGetSourcePort": "",
        "topoViewerSnmpGetTargetPort": ""
      }
    },
    "position": {
      "x": 0,
      "y": 0
    },
    "removed": false,
    "group": "edges",
    "selected": false,
    "selectable": true,
    "locked": false,
    "grabbed": false,
    "grabbable": true,
    "classes": ""
  },
  {
    "data": {
      "id": "Clab-Link20",
      "source": "R11-P",
      "target": "R12-P",
      "weight": "3",
      "name": "toInbandManagementNetwork",
      "topoViewerRole": "toInbandManagementNetwork",
      "sourceEndpoint": "eth2",
      "targetEndpoint": "eth2",
      "extraData": {
        "clabServerUsername": "aarafat",
        "clabSourceLongName": "clab-nokia-ServiceProvider-R11-P",
        "clabSourceMacAddress": "aa:c1:ab:1d:cb:b9",
        "clabSourcePort": "eth2",
        "clabTargetLongName": "clab-nokia-ServiceProvider-R12-P",
        "clabTargetMacAddress": "aa:c1:ab:93:58:18",
        "clabTargetPort": "eth2",
        "topoViewerSnmpGetSourcePort": "",
        "topoViewerSnmpGetTargetPort": ""
      }
    },
    "position": {
      "x": 0,
      "y": 0
    },
    "removed": false,
    "group": "edges",
    "selected": false,
    "selectable": true,
    "locked": false,
    "grabbed": false,
    "grabbable": true,
    "classes": ""
  },
  {
    "data": {
      "id": "Clab-Link21",
      "source": "R12-P",
      "target": "R03-P",
      "weight": "3",
      "name": "toInbandManagementNetwork",
      "topoViewerRole": "toInbandManagementNetwork",
      "sourceEndpoint": "eth1",
      "targetEndpoint": "eth6",
      "extraData": {
        "clabServerUsername": "aarafat",
        "clabSourceLongName": "clab-nokia-ServiceProvider-R12-P",
        "clabSourceMacAddress": "aa:c1:ab:19:e8:ca",
        "clabSourcePort": "eth1",
        "clabTargetLongName": "clab-nokia-ServiceProvider-R03-P",
        "clabTargetMacAddress": "aa:c1:ab:46:94:95",
        "clabTargetPort": "eth6",
        "topoViewerSnmpGetSourcePort": "",
        "topoViewerSnmpGetTargetPort": ""
      }
    },
    "position": {
      "x": 0,
      "y": 0
    },
    "removed": false,
    "group": "edges",
    "selected": false,
    "selectable": true,
    "locked": false,
    "grabbed": false,
    "grabbable": true,
    "classes": ""
  },
  {
    "data": {
      "id": "Clab-Link22",
      "source": "R12-P",
      "target": "R06-PE-ASBR",
      "weight": "3",
      "name": "toInbandManagementNetwork",
      "topoViewerRole": "toInbandManagementNetwork",
      "sourceEndpoint": "eth4",
      "targetEndpoint": "eth4",
      "extraData": {
        "clabServerUsername": "aarafat",
        "clabSourceLongName": "clab-nokia-ServiceProvider-R12-P",
        "clabSourceMacAddress": "aa:c1:ab:38:33:0c",
        "clabSourcePort": "eth4",
        "clabTargetLongName": "clab-nokia-ServiceProvider-R06-PE-ASBR",
        "clabTargetMacAddress": "aa:c1:ab:03:27:69",
        "clabTargetPort": "eth4",
        "topoViewerSnmpGetSourcePort": "",
        "topoViewerSnmpGetTargetPort": ""
      }
    },
    "position": {
      "x": 0,
      "y": 0
    },
    "removed": false,
    "group": "edges",
    "selected": false,
    "selectable": true,
    "locked": false,
    "grabbed": false,
    "grabbable": true,
    "classes": ""
  },
  {
    "data": {
      "id": "Clab-Link23",
      "source": "R13-P",
      "target": "R02-PE",
      "weight": "3",
      "name": "toInbandManagementNetwork",
      "topoViewerRole": "toInbandManagementNetwork",
      "sourceEndpoint": "eth1",
      "targetEndpoint": "eth5",
      "extraData": {
        "clabServerUsername": "aarafat",
        "clabSourceLongName": "clab-nokia-ServiceProvider-R13-P",
        "clabSourceMacAddress": "aa:c1:ab:2f:11:1b",
        "clabSourcePort": "eth1",
        "clabTargetLongName": "clab-nokia-ServiceProvider-R02-PE",
        "clabTargetMacAddress": "aa:c1:ab:71:4a:da",
        "clabTargetPort": "eth5",
        "topoViewerSnmpGetSourcePort": "",
        "topoViewerSnmpGetTargetPort": ""
      }
    },
    "position": {
      "x": 0,
      "y": 0
    },
    "removed": false,
    "group": "edges",
    "selected": false,
    "selectable": true,
    "locked": false,
    "grabbed": false,
    "grabbable": true,
    "classes": ""
  },
  {
    "data": {
      "id": "Clab-Link24",
      "source": "R13-P",
      "target": "R14-P",
      "weight": "3",
      "name": "toInbandManagementNetwork",
      "topoViewerRole": "toInbandManagementNetwork",
      "sourceEndpoint": "eth2",
      "targetEndpoint": "e1-2",
      "extraData": {
        "clabServerUsername": "aarafat",
        "clabSourceLongName": "clab-nokia-ServiceProvider-R13-P",
        "clabSourceMacAddress": "aa:c1:ab:ff:eb:90",
        "clabSourcePort": "eth2",
        "clabTargetLongName": "clab-nokia-ServiceProvider-R14-P",
        "clabTargetMacAddress": "aa:c1:ab:7a:75:5f",
        "clabTargetPort": "e1-2",
        "topoViewerSnmpGetSourcePort": "",
        "topoViewerSnmpGetTargetPort": ""
      }
    },
    "position": {
      "x": 0,
      "y": 0
    },
    "removed": false,
    "group": "edges",
    "selected": false,
    "selectable": true,
    "locked": false,
    "grabbed": false,
    "grabbable": true,
    "classes": ""
  },
  {
    "data": {
      "id": "Clab-Link25",
      "source": "R14-P",
      "target": "R04-P",
      "weight": "3",
      "name": "toInbandManagementNetwork",
      "topoViewerRole": "toInbandManagementNetwork",
      "sourceEndpoint": "e1-1",
      "targetEndpoint": "eth6",
      "extraData": {
        "clabServerUsername": "aarafat",
        "clabSourceLongName": "clab-nokia-ServiceProvider-R14-P",
        "clabSourceMacAddress": "aa:c1:ab:c7:69:56",
        "clabSourcePort": "e1-1",
        "clabTargetLongName": "clab-nokia-ServiceProvider-R04-P",
        "clabTargetMacAddress": "aa:c1:ab:cd:d6:1e",
        "clabTargetPort": "eth6",
        "topoViewerSnmpGetSourcePort": "",
        "topoViewerSnmpGetTargetPort": ""
      }
    },
    "position": {
      "x": 0,
      "y": 0
    },
    "removed": false,
    "group": "edges",
    "selected": false,
    "selectable": true,
    "locked": false,
    "grabbed": false,
    "grabbable": true,
    "classes": ""
  },
  {
    "data": {
      "id": "Clab-Link26",
      "source": "R14-P",
      "target": "R07-PE-ASBR",
      "weight": "3",
      "name": "toInbandManagementNetwork",
      "topoViewerRole": "toInbandManagementNetwork",
      "sourceEndpoint": "e1-4",
      "targetEndpoint": "eth6",
      "extraData": {
        "clabServerUsername": "aarafat",
        "clabSourceLongName": "clab-nokia-ServiceProvider-R14-P",
        "clabSourceMacAddress": "aa:c1:ab:2e:ab:9d",
        "clabSourcePort": "e1-4",
        "clabTargetLongName": "clab-nokia-ServiceProvider-R07-PE-ASBR",
        "clabTargetMacAddress": "aa:c1:ab:84:d5:83",
        "clabTargetPort": "eth6",
        "topoViewerSnmpGetSourcePort": "",
        "topoViewerSnmpGetTargetPort": ""
      }
    },
    "position": {
      "x": 0,
      "y": 0
    },
    "removed": false,
    "group": "edges",
    "selected": false,
    "selectable": true,
    "locked": false,
    "grabbed": false,
    "grabbable": true,
    "classes": ""
  },
  {
    "data": {
      "id": "Clab-Link27",
      "source": "R01-PE",
      "target": "br_nsp_ip_ib",
      "weight": "3",
      "name": "toInbandManagementNetwork",
      "topoViewerRole": "toInbandManagementNetwork",
      "sourceEndpoint": "eth6",
      "targetEndpoint": "to-R01-PE-eth6",
      "extraData": {
        "clabServerUsername": "aarafat",
        "clabSourceLongName": "clab-nokia-ServiceProvider-R01-PE",
        "clabSourceMacAddress": "aa:c1:ab:2d:ba:62",
        "clabSourcePort": "eth6",
        "clabTargetLongName": "clab-nokia-ServiceProvider-br_nsp_ip_ib",
        "clabTargetMacAddress": "aa:c1:ab:60:37:0a",
        "clabTargetPort": "to-R01-PE-eth6",
        "topoViewerSnmpGetSourcePort": "",
        "topoViewerSnmpGetTargetPort": ""
      }
    },
    "position": {
      "x": 0,
      "y": 0
    },
    "removed": false,
    "group": "edges",
    "selected": false,
    "selectable": true,
    "locked": false,
    "grabbed": false,
    "grabbable": true,
    "classes": ""
  },
  {
    "data": {
      "id": "Clab-Link28",
      "source": "R02-PE",
      "target": "br_nsp_ip_ib",
      "weight": "3",
      "name": "toInbandManagementNetwork",
      "topoViewerRole": "toInbandManagementNetwork",
      "sourceEndpoint": "eth6",
      "targetEndpoint": "to-R02-PE-eth6",
      "extraData": {
        "clabServerUsername": "aarafat",
        "clabSourceLongName": "clab-nokia-ServiceProvider-R02-PE",
        "clabSourceMacAddress": "aa:c1:ab:70:b8:30",
        "clabSourcePort": "eth6",
        "clabTargetLongName": "clab-nokia-ServiceProvider-br_nsp_ip_ib",
        "clabTargetMacAddress": "aa:c1:ab:48:c0:59",
        "clabTargetPort": "to-R02-PE-eth6",
        "topoViewerSnmpGetSourcePort": "",
        "topoViewerSnmpGetTargetPort": ""
      }
    },
    "position": {
      "x": 0,
      "y": 0
    },
    "removed": false,
    "group": "edges",
    "selected": false,
    "selectable": true,
    "locked": false,
    "grabbed": false,
    "grabbable": true,
    "classes": ""
  },
  {
    "data": {
      "id": "Clab-Link29",
      "source": "R01-PE",
      "target": "R01-PE",
      "weight": "3",
      "name": "toInbandManagementNetwork",
      "topoViewerRole": "toInbandManagementNetwork",
      "sourceEndpoint": "eth9",
      "targetEndpoint": "eth10",
      "extraData": {
        "clabServerUsername": "aarafat",
        "clabSourceLongName": "clab-nokia-ServiceProvider-R01-PE",
        "clabSourceMacAddress": "aa:c1:ab:51:86:29",
        "clabSourcePort": "eth9",
        "clabTargetLongName": "clab-nokia-ServiceProvider-R01-PE",
        "clabTargetMacAddress": "aa:c1:ab:86:89:5e",
        "clabTargetPort": "eth10",
        "topoViewerSnmpGetSourcePort": "",
        "topoViewerSnmpGetTargetPort": ""
      }
    },
    "position": {
      "x": 0,
      "y": 0
    },
    "removed": false,
    "group": "edges",
    "selected": false,
    "selectable": true,
    "locked": false,
    "grabbed": false,
    "grabbable": true,
    "classes": ""
  },
  {
    "data": {
      "id": "Clab-Link30",
      "source": "R02-PE",
      "target": "R02-PE",
      "weight": "3",
      "name": "toInbandManagementNetwork",
      "topoViewerRole": "toInbandManagementNetwork",
      "sourceEndpoint": "eth9",
      "targetEndpoint": "eth10",
      "extraData": {
        "clabServerUsername": "aarafat",
        "clabSourceLongName": "clab-nokia-ServiceProvider-R02-PE",
        "clabSourceMacAddress": "aa:c1:ab:9e:86:3d",
        "clabSourcePort": "eth9",
        "clabTargetLongName": "clab-nokia-ServiceProvider-R02-PE",
        "clabTargetMacAddress": "aa:c1:ab:65:6c:9b",
        "clabTargetPort": "eth10",
        "topoViewerSnmpGetSourcePort": "",
        "topoViewerSnmpGetTargetPort": ""
      }
    },
    "position": {
      "x": 0,
      "y": 0
    },
    "removed": false,
    "group": "edges",
    "selected": false,
    "selectable": true,
    "locked": false,
    "grabbed": false,
    "grabbable": true,
    "classes": ""
  }
]
time=2024-06-13T21:23:03Z level=info msg=request completed in 9.497073ms cookies=[] host=149.204.21.68:8087 method=POST path=/getAllNodeEndpointDetail protocol=HTTP/1.1 remote_addr=135.245.48.87:5386 request_url=/getAllNodeEndpointDetail user_agent=Mozilla/5.0 (Macintosh; Intel Mac OS X 10_15_7) AppleWebKit/537.36 (KHTML, like Gecko) Chrome/125.0.0.0 Safari/537.36
