time=2023-05-25T22:47:54+02:00 level=info msg=topology file path: /home/suuser/topoViewer/rawTopoFile/clab-Vodafone-CO-HCO/topology-data.json
time=2023-05-26T16:56:13+02:00 level=info msg=topology file path: /home/suuser/topoViewer/rawTopoFile/clab-Vodafone-CO-HCO/topology-data.json
time=2023-05-26T16:59:09+02:00 level=info msg=topology file path: /home/suuser/topoViewer/rawTopoFile/clab-Vodafone-CO-HCO/topology-data.json
time=2023-05-26T17:05:37+02:00 level=info msg=topology file path: /home/suuser/topoViewer/rawTopoFile/clab-Vodafone-CO-HCO/topology-data.json
time=2023-05-26T17:05:37+02:00 level=fatal msg=Error when opening file: open /home/suuser/topoViewer/rawTopoFile/clab-Vodafone-CO-HCO/topology-data.json: no such file or directory
time=2023-05-26T17:06:10+02:00 level=info msg=topology file path: /home/suuser/topoViewer/rawTopoFile/topo-vf-hco-ip-certification.json
time=2023-05-26T17:08:18+02:00 level=info msg=topology file path: /home/suuser/topoViewer/rawTopoFile/topo-vf-hco-ip-certification.json
time=2023-05-26T17:08:43+02:00 level=info msg=topology file path: /home/suuser/topoViewer/rawTopoFile/topo-vf-hco-ip-certification.json
time=2023-05-26T17:09:07+02:00 level=info msg=topology file path: /home/suuser/topoViewer/rawTopoFile/topo-vf-hco-ip-certification.json
time=2023-05-26T17:09:30+02:00 level=info msg=topology file path: /home/suuser/topoViewer/rawTopoFile/topo-vf-hco-ip-certification.json
time=2023-05-26T17:10:51+02:00 level=info msg=topology file path: /home/suuser/topoViewer/rawTopoFile/topo-vf-hco-ip-certification.json
time=2023-05-26T17:11:41+02:00 level=info msg=topology file path: /home/suuser/topoViewer/rawTopoFile/topo-vf-hco-ip-certification.json
time=2023-05-26T17:13:44+02:00 level=info msg=topology file path: /home/suuser/topoViewer/rawTopoFile/topo-vf-hco-ip-certification.json
time=2023-05-26T17:14:46+02:00 level=info msg=topology file path: /home/suuser/topoViewer/rawTopoFile/topo-vf-hco-ip-certification.json
time=2023-05-26T17:16:18+02:00 level=info msg=topology file path: /home/suuser/topoViewer/rawTopoFile/topo-vf-hco-ip-certification.json
time=2023-05-26T17:17:09+02:00 level=info msg=topology file path: /home/suuser/topoViewer/rawTopoFile/topo-vf-hco-ip-certification.json
time=2023-05-26T17:19:03+02:00 level=info msg=topology file path: /home/suuser/topoViewer/rawTopoFile/topo-vf-hco-ip-certification.json
time=2023-05-26T17:19:24+02:00 level=info msg=topology file path: /home/suuser/topoViewer/rawTopoFile/topo-vf-hco-ip-certification.json
time=2023-05-26T17:19:46+02:00 level=info msg=topology file path: /home/suuser/topoViewer/rawTopoFile/topo-vf-hco-ip-certification.json
time=2023-05-26T17:20:34+02:00 level=info msg=topology file path: /home/suuser/topoViewer/rawTopoFile/topo-vf-hco-ip-certification.json
time=2023-05-26T17:26:04+02:00 level=info msg=topology file path: /home/suuser/topoViewer/rawTopoFile/topo-vf-hco-ip-certification.json
time=2023-05-26T17:26:44+02:00 level=info msg=topology file path: /home/suuser/topoViewer/rawTopoFile/topo-vf-hco-ip-certification.json
time=2023-05-26T17:27:43+02:00 level=info msg=topology file path: /home/suuser/topoViewer/rawTopoFile/topo-vf-hco-ip-certification.json
time=2023-05-26T17:28:13+02:00 level=info msg=topology file path: /home/suuser/topoViewer/rawTopoFile/topo-vf-hco-ip-certification.json
time=2023-05-26T17:29:55+02:00 level=info msg=topology file path: /home/suuser/topoViewer/rawTopoFile/topo-vf-hco-ip-certification.json
time=2023-05-26T17:31:08+02:00 level=info msg=topology file path: /home/suuser/topoViewer/rawTopoFile/topo-vf-hco-ip-certification.json
time=2023-05-26T17:31:55+02:00 level=info msg=topology file path: /home/suuser/topoViewer/rawTopoFile/topo-vf-hco-ip-certification.json
time=2023-05-26T17:32:16+02:00 level=info msg=topology file path: /home/suuser/topoViewer/rawTopoFile/topo-vf-hco-ip-certification.json
time=2023-05-26T17:32:51+02:00 level=info msg=topology file path: /home/suuser/topoViewer/rawTopoFile/topo-vf-hco-ip-certification.json
time=2023-05-26T17:34:27+02:00 level=info msg=topology file path: /home/suuser/topoViewer/rawTopoFile/topo-vf-hco-ip-certification.json
time=2023-05-26T17:34:43+02:00 level=info msg=topology file path: /home/suuser/topoViewer/rawTopoFile/topo-vf-hco-ip-certification.json
time=2023-05-26T17:35:27+02:00 level=info msg=topology file path: /home/suuser/topoViewer/rawTopoFile/topo-vf-hco-ip-certification.json
time=2023-05-26T17:35:47+02:00 level=info msg=topology file path: /home/suuser/topoViewer/rawTopoFile/topo-vf-hco-ip-certification.json
time=2023-05-26T17:36:27+02:00 level=info msg=topology file path: /home/suuser/topoViewer/rawTopoFile/topo-vf-hco-ip-certification.json
time=2023-05-26T17:37:36+02:00 level=info msg=topology file path: /home/suuser/topoViewer/rawTopoFile/topo-vf-hco-ip-certification.json
time=2023-05-26T17:38:08+02:00 level=info msg=topology file path: /home/suuser/topoViewer/rawTopoFile/topo-vf-hco-ip-certification.json
time=2023-05-26T21:27:38+02:00 level=info msg=topology file path: /home/suuser/topoViewer/rawTopoFile/topo-vf-hco-ip-certification.json
time=2023-05-26T21:28:41+02:00 level=info msg=topology file path: /home/suuser/topoViewer/rawTopoFile/topo-vf-hco-ip-certification.json
time=2023-05-26T21:30:17+02:00 level=info msg=topology file path: /home/suuser/topoViewer/rawTopoFile/topo-vf-hco-ip-certification.json
time=2023-05-26T21:36:21+02:00 level=info msg=topology file path: /home/suuser/topoViewer/rawTopoFile/topo-vf-hco-ip-certification.json
time=2023-05-26T21:37:17+02:00 level=info msg=topology file path: /home/suuser/topoViewer/rawTopoFile/topo-vf-hco-ip-certification.json
time=2023-05-26T21:41:04+02:00 level=info msg=topology file path: /home/suuser/topoViewer/rawTopoFile/topo-vf-hco-ip-certification.json
time=2023-05-26T21:41:47+02:00 level=info msg=topology file path: /home/suuser/topoViewer/rawTopoFile/topo-vf-hco-ip-certification.json
time=2023-05-26T21:45:40+02:00 level=info msg=topology file path: /home/suuser/topoViewer/rawTopoFile/topo-vf-hco-ip-certification.json
time=2023-05-26T21:46:27+02:00 level=info msg=topology file path: /home/suuser/topoViewer/rawTopoFile/topo-vf-hco-ip-certification.json
time=2023-05-26T21:57:17+02:00 level=info msg=topology file path: /home/suuser/topoViewer/rawTopoFile/topo-vf-hco-ip-certification.json
time=2023-05-26T21:57:51+02:00 level=info msg=topology file path: /home/suuser/topoViewer/rawTopoFile/topo-vf-hco-ip-certification.json
time=2023-05-26T21:58:20+02:00 level=info msg=topology file path: /home/suuser/topoViewer/rawTopoFile/topo-vf-hco-ip-certification.json
time=2023-05-26T22:00:38+02:00 level=info msg=topology file path: /home/suuser/topoViewer/rawTopoFile/topo-vf-hco-ip-certification.json
time=2023-05-26T22:01:20+02:00 level=info msg=topology file path: /home/suuser/topoViewer/rawTopoFile/topo-vf-hco-ip-certification.json
time=2023-05-26T22:02:43+02:00 level=info msg=topology file path: /home/suuser/topoViewer/rawTopoFile/topo-vf-hco-ip-certification.json
time=2023-05-26T22:04:04+02:00 level=info msg=topology file path: /home/suuser/topoViewer/rawTopoFile/topo-vf-hco-ip-certification.json
time=2023-05-26T22:05:57+02:00 level=info msg=topology file path: /home/suuser/topoViewer/rawTopoFile/topo-vf-hco-ip-certification.json
time=2023-05-26T22:06:54+02:00 level=info msg=topology file path: /home/suuser/topoViewer/rawTopoFile/topo-vf-hco-ip-certification.json
time=2023-05-26T22:09:28+02:00 level=info msg=topology file path: /home/suuser/topoViewer/rawTopoFile/topo-vf-hco-ip-certification.json
time=2023-05-26T22:10:31+02:00 level=info msg=topology file path: /home/suuser/topoViewer/rawTopoFile/topo-vf-hco-ip-certification.json
time=2023-05-26T22:11:13+02:00 level=info msg=topology file path: /home/suuser/topoViewer/rawTopoFile/topo-vf-hco-ip-certification.json
time=2023-05-26T22:11:46+02:00 level=info msg=topology file path: /home/suuser/topoViewer/rawTopoFile/topo-vf-hco-ip-certification.json
time=2023-05-26T22:12:16+02:00 level=info msg=topology file path: /home/suuser/topoViewer/rawTopoFile/topo-vf-hco-ip-certification.json
time=2023-05-26T22:13:04+02:00 level=info msg=topology file path: /home/suuser/topoViewer/rawTopoFile/topo-vf-hco-ip-certification.json
time=2023-05-26T22:14:59+02:00 level=info msg=topology file path: /home/suuser/topoViewer/rawTopoFile/topo-vf-hco-ip-certification.json
time=2023-05-26T22:16:00+02:00 level=info msg=topology file path: /home/suuser/topoViewer/rawTopoFile/topo-vf-hco-ip-certification.json
time=2023-05-26T22:17:29+02:00 level=info msg=topology file path: /home/suuser/topoViewer/rawTopoFile/topo-vf-hco-ip-certification.json
time=2023-06-04T21:14:48+02:00 level=info msg=topology file path: /home/suuser/topoViewer/rawTopoFile/
time=2023-06-04T21:14:48+02:00 level=info msg=[rawTopoFile/topo-ietf-L3-TopologyId-0:55000:2-isis.json rawTopoFile/topo-ietf-L3-TopologyId-0:65000:1-isis.json rawTopoFile/topo-ietf-L3-TopologyId-1:65000:1-isis.json]
time=2023-06-04T21:14:48+02:00 level=info msg=rawTopoFile/topo-ietf-L3-TopologyId-0:55000:2-isis.json
time=2023-06-04T21:14:48+02:00 level=info msg=topology file path: /home/suuser/topoViewer/rawTopoFile/topo-ietf-L3-TopologyId-0:55000:2-isis.json
time=2023-06-04T21:14:48+02:00 level=info msg=rawTopoFile/topo-ietf-L3-TopologyId-0:65000:1-isis.json
time=2023-06-04T21:14:48+02:00 level=info msg=topology file path: /home/suuser/topoViewer/rawTopoFile/topo-ietf-L3-TopologyId-0:65000:1-isis.json
time=2023-06-04T21:14:48+02:00 level=info msg=rawTopoFile/topo-ietf-L3-TopologyId-1:65000:1-isis.json
time=2023-06-04T21:14:48+02:00 level=info msg=topology file path: /home/suuser/topoViewer/rawTopoFile/topo-ietf-L3-TopologyId-1:65000:1-isis.json
time=2023-06-04T21:14:48+02:00 level=debug msg=0
time=2023-06-04T21:14:48+02:00 level=debug msg=1
time=2023-06-04T21:14:48+02:00 level=debug msg=2
time=2023-06-04T21:14:48+02:00 level=debug msg=0
time=2023-06-04T21:14:48+02:00 level=debug msg=1
time=2023-06-04T21:14:48+02:00 level=debug msg=2
time=2023-06-04T21:14:48+02:00 level=debug msg=3
time=2023-06-04T21:14:48+02:00 level=debug msg=4
time=2023-06-04T21:14:48+02:00 level=debug msg=5
time=2023-06-04T21:14:48+02:00 level=debug msg=0
time=2023-06-04T21:14:48+02:00 level=debug msg=1
time=2023-06-04T21:14:48+02:00 level=debug msg=2
time=2023-06-04T21:24:24+02:00 level=info msg=topology file path: /home/suuser/topoViewer/rawTopoFile/topo-ietf-L2.json
time=2023-06-04T21:24:24+02:00 level=debug msg=Code Trace #############
time=2023-06-04T21:24:24+02:00 level=info msg=rawTopoFile/topo-ietf-L3-TopologyId-0:55000:2-isis.json
time=2023-06-04T21:24:24+02:00 level=info msg=topology file path: /home/suuser/topoViewer/rawTopoFile/topo-ietf-L3-TopologyId-0:55000:2-isis.json
time=2023-06-04T21:24:24+02:00 level=info msg=rawTopoFile/topo-ietf-L3-TopologyId-1:65000:1-isis.json
time=2023-06-04T21:24:24+02:00 level=info msg=topology file path: /home/suuser/topoViewer/rawTopoFile/topo-ietf-L3-TopologyId-1:65000:1-isis.json
time=2023-06-04T21:24:24+02:00 level=info msg=rawTopoFile/topo-ietf-L3-TopologyId-0:65000:1-isis.json
time=2023-06-04T21:24:24+02:00 level=info msg=topology file path: /home/suuser/topoViewer/rawTopoFile/topo-ietf-L3-TopologyId-0:65000:1-isis.json
time=2023-06-04T21:24:24+02:00 level=debug msg=0
time=2023-06-04T21:24:24+02:00 level=debug msg=1
time=2023-06-04T21:24:24+02:00 level=debug msg=2
time=2023-06-04T21:24:24+02:00 level=debug msg=0
time=2023-06-04T21:24:24+02:00 level=debug msg=1
time=2023-06-04T21:24:24+02:00 level=debug msg=2
time=2023-06-04T21:24:24+02:00 level=debug msg=0
time=2023-06-04T21:24:24+02:00 level=debug msg=1
time=2023-06-04T21:24:24+02:00 level=debug msg=2
time=2023-06-04T21:24:24+02:00 level=debug msg=3
time=2023-06-04T21:24:24+02:00 level=debug msg=4
time=2023-06-04T21:24:24+02:00 level=debug msg=5
time=2023-06-04T21:25:24+02:00 level=info msg=topology file path: /home/suuser/topoViewer/rawTopoFile/topo-ietf-L2.json
time=2023-06-04T21:25:24+02:00 level=debug msg=Code Trace #############
time=2023-06-04T21:25:24+02:00 level=info msg=rawTopoFile/topo-ietf-L3-TopologyId-0:55000:2-isis.json
time=2023-06-04T21:25:24+02:00 level=info msg=topology file path: /home/suuser/topoViewer/rawTopoFile/topo-ietf-L3-TopologyId-0:55000:2-isis.json
time=2023-06-04T21:25:24+02:00 level=info msg=rawTopoFile/topo-ietf-L3-TopologyId-1:65000:1-isis.json
time=2023-06-04T21:25:24+02:00 level=info msg=topology file path: /home/suuser/topoViewer/rawTopoFile/topo-ietf-L3-TopologyId-1:65000:1-isis.json
time=2023-06-04T21:25:24+02:00 level=info msg=rawTopoFile/topo-ietf-L3-TopologyId-0:65000:1-isis.json
time=2023-06-04T21:25:24+02:00 level=info msg=topology file path: /home/suuser/topoViewer/rawTopoFile/topo-ietf-L3-TopologyId-0:65000:1-isis.json
time=2023-06-04T21:25:24+02:00 level=debug msg=0
time=2023-06-04T21:25:24+02:00 level=debug msg=1
time=2023-06-04T21:25:24+02:00 level=debug msg=2
time=2023-06-04T21:25:24+02:00 level=debug msg=0
time=2023-06-04T21:25:24+02:00 level=debug msg=1
time=2023-06-04T21:25:24+02:00 level=debug msg=2
time=2023-06-04T21:25:24+02:00 level=debug msg=0
time=2023-06-04T21:25:24+02:00 level=debug msg=1
time=2023-06-04T21:25:24+02:00 level=debug msg=2
time=2023-06-04T21:25:24+02:00 level=debug msg=3
time=2023-06-04T21:25:24+02:00 level=debug msg=4
time=2023-06-04T21:25:24+02:00 level=debug msg=5
time=2023-06-08T18:51:31+02:00 level=info msg=topology file path: /home/suuser/topoViewer/rawTopoFile/clab/bng-cups/clab-cups/topology-data.json
time=2023-06-08T19:13:30+02:00 level=info msg=topology file path: /home/suuser/topoViewer/rawTopoFile/clab/bng-cups/clab-cups/topology-data.json
time=2023-06-08T19:13:46+02:00 level=info msg=topology file path: /home/suuser/topoViewer/rawTopoFile/clab/bng-cups/clab-cups/topology-data.json
time=2023-06-08T19:46:28+02:00 level=info msg=topology file path: /home/suuser/topoViewer/rawTopoFile/clab/bng-cups/clab-cups/topology-data.json
time=2023-06-08T19:52:55+02:00 level=info msg=topology file path: /home/suuser/topoViewer/rawTopoFile/clab/bng-cups/clab-cups/topology-data.json
time=2023-06-09T15:12:11+02:00 level=info msg=topology file path: /home/suuser/topoViewer/rawTopoFile/clab/bng-cups/clab-cups/topology-data.json
time=2023-06-09T15:14:15+02:00 level=info msg=topology file path: /home/suuser/topoViewer/rawTopoFile/clab/bng-cups/clab-cups/topology-data.json
time=2023-06-09T15:24:37+02:00 level=info msg=topology file path: /home/suuser/topoViewer/rawTopoFile/clab/bng-cups/clab-cups/topology-data.json
time=2023-06-09T15:25:12+02:00 level=info msg=topology file path: /home/suuser/topoViewer/rawTopoFile/clab/bng-cups/clab-cups/topology-data.json
time=2023-06-09T15:26:00+02:00 level=info msg=topology file path: /home/suuser/topoViewer/rawTopoFile/clab/bng-cups/clab-cups/topology-data.json
time=2023-06-09T16:07:35+02:00 level=info msg=topology file path: /home/suuser/topoViewer/rawTopoFile/clab/bng-cups/clab-cups/topology-data.json
time=2023-06-09T16:16:40+02:00 level=info msg=topology file path: /home/suuser/topoViewer/rawTopoFile/clab/bng-cups/clab-cups/topology-data.json
time=2023-06-09T16:18:23+02:00 level=info msg=topology file path: /home/suuser/topoViewer/rawTopoFile/clab/bng-cups/clab-cups/topology-data.json
time=2023-06-09T16:18:40+02:00 level=info msg=topology file path: /home/suuser/topoViewer/rawTopoFile/clab/bng-cups/clab-cups/topology-data.json
time=2023-06-09T16:20:23+02:00 level=info msg=topology file path: /home/suuser/topoViewer/rawTopoFile/clab/bng-cups/clab-cups/topology-data.json
time=2023-06-13T10:50:46+02:00 level=info msg=topology file path: /home/suuser/topoViewer/rawTopoFile/clab/bng-cups/clab-cups/topology-data.json
time=2023-06-14T09:53:31+02:00 level=info msg=topology file path: /home/suuser/topoViewer/rawTopoFile/clab/bng-cups/clab-cups/topology-data.json
time=2023-06-14T13:56:19+02:00 level=info msg=topology file path: /home/suuser/topoViewer/rawTopoFile/clab/bng-cups/clab-cups/topology-data.json
time=2023-06-14T21:45:24+02:00 level=info msg=topology file path: /home/suuser/topoViewer/rawTopoFile/clab/bng-cups/clab-cups/topology-data.json
time=2023-06-14T22:06:12+02:00 level=info msg=topology file path: /home/suuser/topoViewer/rawTopoFile/clab/bng-cups/clab-cups/topology-data.json
time=2023-06-15T00:57:58+02:00 level=info msg=topology file path: /home/suuser/topoViewer/rawTopoFile/clab/bng-cups/clab-cups/topology-data.json
time=2023-06-15T00:57:58+02:00 level=fatal msg=Error when opening file: open /home/suuser/topoViewer/rawTopoFile/clab/bng-cups/clab-cups/topology-data.json: no such file or directory
time=2023-06-15T00:58:29+02:00 level=info msg=topology file path: /home/suuser/topoViewer/rawTopoFile/clab/bng-cups/clab-cups/topology-data.json
time=2023-06-16T20:57:32+02:00 level=info msg=topology file path: /root/topoViewer/rawTopoFile/clab/bng-cups/clab-cups/topology-data.json
time=2023-06-16T20:59:50+02:00 level=info msg=topology file path: /root/topoViewer/rawTopoFile/clab/bng-cups/clab-cups/topology-data.json
time=2023-06-16T21:01:07+02:00 level=info msg=topology file path: /root/topoViewer/rawTopoFile/clab/bng-cups/clab-cups/topology-data.json
time=2023-06-16T21:06:15+02:00 level=info msg=topology file path: /root/topoViewer/rawTopoFile/clab/bng-cups/clab-cups/topology-data.json
time=2023-06-16T21:10:49+02:00 level=info msg=topology file path: /root/topoViewer/rawTopoFile/clab/bng-cups/clab-cups/topology-data.json
time=2023-06-16T21:15:36+02:00 level=info msg=topology file path: /root/topoViewer/rawTopoFile/clab/bng-cups/clab-cups/topology-data.json
time=2023-06-16T21:17:57+02:00 level=info msg=topology file path: /root/topoViewer/rawTopoFile/clab/bng-cups/clab-cups/topology-data.json
time=2023-06-16T21:19:12+02:00 level=info msg=topology file path: /root/topoViewer/rawTopoFile/clab/bng-cups/clab-cups/topology-data.json
time=2023-06-16T21:21:17+02:00 level=info msg=topology file path: /root/topoViewer/rawTopoFile/clab/bng-cups/clab-cups/topology-data.json
time=2023-06-17T22:12:18+02:00 level=info msg=topology file path: /root/topoViewer/rawTopoFile/clab/bng-cups/clab-cups/topology-data.json
time=2023-06-17T22:18:06+02:00 level=info msg=topology file path: /root/topoViewer/rawTopoFile/clab/bng-cups/clab-cups/topology-data.json
time=2023-06-17T22:20:59+02:00 level=info msg=topology file path: /root/topoViewer/rawTopoFile/clab/bng-cups/clab-cups/topology-data.json
time=2023-06-17T22:20:59+02:00 level=fatal msg=Error when opening file: open /root/topoViewer/rawTopoFile/clab/bng-cups/clab-cups/topology-data.json: no such file or directory
time=2023-06-17T22:21:43+02:00 level=info msg=topology file path: /root/topoViewer/rawTopoFile/clab/bng-cups/clab-cups/topology-data.json
time=2023-06-17T22:22:47+02:00 level=info msg=topology file path: /root/topoViewer/rawTopoFile/clab/bng-cups/clab-cups/topology-data.json
time=2023-06-17T22:32:01+02:00 level=info msg=topology file path: /root/topoViewer/rawTopoFile/clab/bng-cups/clab-cups/topology-data.json
